0.2910524308681488
0.26475009322166443
0.12600085139274597
0.3621944785118103
0.16508178412914276
0.12990406155586243
0.12368083000183105
0.2245989441871643
0.11821398884057999
0.07679734379053116
0.1460541933774948
0.2582167387008667
0.20877663791179657
0.3985256850719452
0.15691104531288147
0.14862754940986633
0.13874424993991852
0.44198837876319885
0.22593706846237183
0.06488656997680664
0.2333100289106369
0.23890504240989685
0.1412418633699417
0.24035964906215668
0.3960843086242676
0.12097224593162537
0.14989648759365082
0.22801898419857025
0.11308638751506805
0.2006399929523468
0.2067549079656601
0.10187453031539917
0.11659462749958038
0.15751981735229492
0.22940631210803986
0.16493135690689087
0.12865318357944489
0.20474113523960114
0.11991192400455475
0.09992291778326035
0.1639743447303772
0.2639089822769165
0.19286814332008362
0.13489454984664917
0.07498564571142197
0.24614593386650085
0.1383412629365921
0.114673912525177
0.18362191319465637
0.3271287679672241
0.17459382116794586
0.30077406764030457
0.3185761570930481
0.1166042685508728
0.05384961515665054
0.0705290362238884
0.1802878975868225
0.29168009757995605
0.21976082026958466
0.10215708613395691
0.11726807802915573
0.19441337883472443
0.13890251517295837
0.13999193906784058
0.19616620242595673
0.21302054822444916
0.25241178274154663
0.10705067217350006
0.22963272035121918
0.28362712264060974
0.1622011810541153
0.25282248854637146
0.06759607791900635
0.1300915777683258
0.05095968022942543
0.2593421936035156
0.1541634052991867
0.18772467970848083
0.11011612415313721
0.17193233966827393
0.27497538924217224
0.15077607333660126
0.07152331620454788
0.34209999442100525
0.49842095375061035
0.19136467576026917
0.1879432499408722
0.11463181674480438
0.25776031613349915
0.3301577866077423
0.2858283817768097
0.3484448790550232
0.21886508166790009
0.07932370901107788
0.161924347281456
0.15676984190940857
0.19654648005962372
0.13330641388893127
0.07061389088630676
0.07484427839517593
0.16433733701705933
0.11162327975034714
0.21293608844280243
0.16547547280788422
0.20008255541324615
0.11314854025840759
0.19466088712215424
0.11991561949253082
0.11510054022073746
0.07785934209823608
0.5037076473236084
0.2897713780403137
0.09365744143724442
0.1358470767736435
0.15143771469593048
0.14477048814296722
0.25877878069877625
0.23229046165943146
0.031756337732076645
0.16762331128120422
0.09927137941122055
0.17985635995864868
0.15439052879810333
0.3050629794597626
0.23961423337459564
0.14065174758434296
0.09447546303272247
0.18925893306732178
0.06604678928852081
0.07703127712011337
0.16193236410617828
0.1523079127073288
0.2457233965396881
0.13257308304309845
0.27775490283966064
0.30109766125679016
0.34255900979042053
0.27700838446617126
0.20474515855312347
0.06657847762107849
0.1458670049905777
0.15208914875984192
0.16689196228981018
0.17012083530426025
0.24656942486763
0.19921939074993134
0.2330474853515625
0.07746341079473495
0.14367865025997162
0.3026236295700073
0.07398758828639984
0.1757894903421402
0.26191869378089905
0.1384250521659851
0.11722322553396225
0.198683962225914
0.09564206004142761
0.43145620822906494
0.31004929542541504
0.333114355802536
0.13370850682258606
0.20757649838924408
0.11811713129281998
0.07319070398807526
0.15169909596443176
0.10570071637630463
0.14807762205600739
0.260534405708313
0.1150946095585823
0.11418963223695755
0.29971247911453247
0.2911539077758789
0.12687119841575623
0.1363215148448944
0.16359750926494598
0.23465368151664734
0.23376765847206116
0.20587444305419922
0.11848367750644684
0.1562776416540146
0.12211914360523224
0.3301672637462616
0.09892670810222626
0.08168679475784302
0.23209364712238312
0.17940856516361237
0.2359849512577057
0.2124653309583664
0.29878345131874084
0.2988095283508301
0.10067346692085266
0.26371118426322937
0.212883859872818
0.1070316880941391
0.18658223748207092
0.15532700717449188
0.2021903246641159
0.19594891369342804
0.22868968546390533
0.11509863287210464
0.1402582824230194
0.3292715847492218
0.3143542408943176
0.07476397603750229
0.1353665143251419
0.11314566433429718
0.16081950068473816
0.252638041973114
0.1581236869096756
0.14742036163806915
0.16135425865650177
0.22805850207805634
0.10805089771747589
0.19284744560718536
0.1558854579925537
0.15236419439315796
0.11320676654577255
0.20319946110248566
0.17566326260566711
0.23954816162586212
0.17198415100574493
0.12524427473545074
0.2837197184562683
0.0686943382024765
0.07968422770500183
0.1493397355079651
0.21490612626075745
0.11608723551034927
0.26116883754730225
0.14681442081928253
0.24938833713531494
0.1953142285346985
0.2347119152545929
0.23487228155136108
0.11517680436372757
0.17144647240638733
0.2996513247489929
0.18184971809387207
0.17765003442764282
0.12251866608858109
0.40823325514793396
0.24767297506332397
0.16297121345996857
0.1992134153842926
0.13438411056995392
0.369486540555954
0.34367823600769043
0.19658592343330383
0.29221031069755554
0.16887548565864563
0.3808014392852783
0.1584930419921875
0.15163753926753998
0.14553064107894897
0.07288366556167603
0.34475812315940857
0.32612812519073486
0.21786396205425262
0.19058676064014435
0.1093178242444992
0.09141071885824203
0.13987228274345398
0.15216806530952454
0.178498312830925
0.20818452537059784
0.12153310328722
0.14627854526042938
0.06962788105010986
0.12118252366781235
0.15528827905654907
0.22718244791030884
0.06620769202709198
0.3428989350795746
0.2819998860359192
0.15044334530830383
0.15174488723278046
0.17591077089309692
0.24844785034656525
0.2181190550327301
0.23349732160568237
0.2059277594089508
0.13957178592681885
0.13901183009147644
0.22162610292434692
0.20126338303089142
0.0674610510468483
0.2518753409385681
0.1786281168460846
0.1357746720314026
0.10828869044780731
0.13327738642692566
0.1159501001238823
0.2039487659931183
0.13411270081996918
0.06737737357616425
0.12262199074029922
0.2108585387468338
0.15270976722240448
0.118627168238163
0.10632327198982239
0.1902327835559845
0.12943758070468903
0.14583589136600494
0.2790038585662842
0.12775598466396332
0.147418811917305
0.12548910081386566
0.341997891664505
0.4467941224575043
0.21156206727027893
0.10697657614946365
0.06066767871379852
0.22309456765651703
0.34314778447151184
0.17414513230323792
0.1229633018374443
0.13582873344421387
0.1133168488740921
0.1973610520362854
0.09261918067932129
0.0680154412984848
0.10218402743339539
0.15580326318740845
0.2561289370059967
0.16875435411930084
0.2000821828842163
0.14142942428588867
0.18749187886714935
0.18395040929317474
0.22368456423282623
0.1913091242313385
0.17844127118587494
0.2203081250190735
0.09461452811956406
0.25329017639160156
0.15201270580291748
0.14612850546836853
0.16630889475345612
0.12814168632030487
0.08276478201150894
0.10419061779975891
0.11894664168357849
0.0696815699338913
0.29509851336479187
0.213828444480896
0.2391902208328247
0.06797816604375839
0.13882040977478027
0.17698250710964203
0.36730125546455383
0.20327270030975342
0.1715671867132187
0.12645035982131958
0.27298492193222046
0.14458811283111572
0.15250122547149658
0.2577667534351349
0.3224468529224396
0.10684987157583237
0.1274694800376892
0.0737195536494255
0.15776589512825012
0.13944844901561737
0.08970730751752853
0.10287285596132278
0.04782845079898834
0.33660340309143066
0.20877212285995483
0.1316506564617157
0.24833106994628906
0.18680313229560852
0.12703348696231842
0.05738343298435211
0.2764785587787628
0.16057105362415314
0.060766249895095825
0.08296554535627365
0.1372729390859604
0.08399173617362976
0.16491751372814178
0.10813146084547043
0.22383837401866913
0.13977421820163727
0.174725741147995
0.23603178560733795
0.1817750185728073
0.19446995854377747
0.27895063161849976
0.14507777988910675
0.2631857395172119
0.23845750093460083
0.14995169639587402
0.16523098945617676
0.18593698740005493
0.12420187890529633
0.22555653750896454
0.04999729245901108
0.11597481369972229
0.033729057759046555
0.1331137865781784
0.14631754159927368
0.18041613698005676
0.2417476922273636
0.17890389263629913
0.14326925575733185
0.3567478656768799
0.2698424458503723
0.15729501843452454
0.16846884787082672
0.20795169472694397
0.03378994017839432
0.10781648755073547
0.12340926378965378
0.26368477940559387
0.3599340319633484
0.19609768688678741
0.13452580571174622
0.11649114638566971
0.16900625824928284
0.1097300723195076
0.11345255374908447
0.1608119010925293
0.16186030209064484
0.08390379697084427
0.2277219295501709
0.2987540662288666
0.08311337977647781
0.261648952960968
0.19324184954166412
0.1504560112953186
0.1936229169368744
0.10540035367012024
0.12255219370126724
0.21342481672763824
0.3457275629043579
0.05056541785597801
0.20183515548706055
0.2743901312351227
0.10058201104402542
0.081734299659729
0.26408153772354126
0.08589015156030655
0.17645575106143951
0.4274021089076996
0.20068077743053436
0.22118908166885376
0.130867138504982
0.13254089653491974
0.04944945126771927
0.1347278654575348
0.2532050311565399
0.25044649839401245
0.08587075769901276
0.19126185774803162
0.16090720891952515
0.10450855642557144
0.1964513063430786
0.05327128246426582
0.08884266018867493
0.26302769780158997
0.09847947955131531
0.27284032106399536
0.1261412799358368
0.22971421480178833
0.07646500319242477
0.21844574809074402
0.10459420084953308
0.05773994326591492
0.10610756278038025
0.19707325100898743
0.18287083506584167
0.28374579548835754
0.12797637283802032
0.07679375261068344
0.07460141181945801
0.3639712333679199
0.14979791641235352
0.053609251976013184
0.09912227094173431
0.1228022351861
0.10042385011911392
0.24864797294139862
0.1530742049217224
0.11092314124107361
0.18914182484149933
0.14421199262142181
0.10139704495668411
0.11057978123426437
0.07423091679811478
0.17027774453163147
0.21060508489608765
0.10196090489625931
0.3687349259853363
0.1283618062734604
0.18428082764148712
0.12774507701396942
0.10197552293539047
0.0732499361038208
0.22788302600383759
0.206283301115036
0.3388451635837555
0.16165833175182343
0.14224030077457428
0.12576663494110107
0.2326991856098175
0.09400210529565811
0.174080491065979
0.13437356054782867
0.18221265077590942
0.08781800419092178
0.11790375411510468
0.11751355975866318
0.32355424761772156
0.2955709397792816
0.14931994676589966
0.0701620951294899
0.1263696551322937
0.24681034684181213
0.15797297656536102
0.2145439237356186
0.12280459702014923
0.10896424204111099
0.1922789216041565
0.10505453497171402
0.32360199093818665
0.1622351109981537
0.26571229100227356
0.07968826591968536
0.1680714339017868
0.2621961236000061
0.22793976962566376
0.037386681884527206
0.41543343663215637
0.08170278370380402
0.12304036319255829
0.20744334161281586
0.1830010712146759
0.2706001102924347
0.22693733870983124
0.32543087005615234
0.11562351882457733
0.17196917533874512
0.19051384925842285
0.11348896473646164
0.18281300365924835
0.06953979283571243
0.19681057333946228
0.2424275279045105
0.13967974483966827
0.21307258307933807
0.09777912497520447
0.1524638533592224
0.19019262492656708
0.10925270617008209
0.17601464688777924
0.19774790108203888
0.1280142068862915
0.17093795537948608
0.18361684679985046
0.19831225275993347
0.1853480339050293
0.22069278359413147
0.3298538625240326
0.10882703959941864
0.24028708040714264
0.16502885520458221
0.113815076649189
0.33455386757850647
0.14445966482162476
0.34223121404647827
0.05310547724366188
0.2499592900276184
0.19122394919395447
0.14747411012649536
0.15886852145195007
0.1974453628063202
0.24777436256408691
0.15833915770053864
0.06238109990954399
0.16606701910495758
0.24438223242759705
0.15377581119537354
0.128861665725708
0.10266976058483124
0.10900573432445526
0.2597883939743042
0.16019494831562042
0.13551433384418488
0.10981576889753342
0.21842306852340698
0.29562878608703613
0.33073437213897705
0.3003867268562317
0.2298942655324936
0.17745471000671387
0.24519945681095123
0.19623421132564545
0.23632098734378815
0.17524144053459167
0.23955677449703217
0.3056108057498932
0.17788663506507874
0.08116759359836578
0.16107435524463654
0.165446937084198
0.12423239648342133
0.17265388369560242
0.2468305230140686
0.3100093603134155
0.2170318067073822
0.21407222747802734
0.1582317054271698
0.09439003467559814
0.1741122007369995
0.11581475287675858
0.3095710873603821
0.2000337690114975
0.15592457354068756
0.2647266685962677
0.10930778086185455
0.14581748843193054
0.1488066464662552
0.34101244807243347
0.23506104946136475
0.12503543496131897
0.3276655077934265
0.1175251454114914
0.09800607711076736
0.07713791728019714
0.33111801743507385
0.11529333144426346
0.2935188114643097
0.12623116374015808
0.10714240372180939
0.12647385895252228
0.3641287088394165
0.2657007575035095
0.18372972309589386
0.17096644639968872
0.16233186423778534
0.09601742029190063
0.24253222346305847
0.16813474893569946
0.09493140876293182
0.28535959124565125
0.461488276720047
0.16797499358654022
0.17319610714912415
0.1559445708990097
0.22638143599033356
0.18882830440998077
0.1772410124540329
0.08521030843257904
0.09215521812438965
0.258183091878891
0.13271117210388184
0.15572752058506012
0.2792830467224121
0.16977879405021667
0.14590618014335632
0.209109365940094
0.16704702377319336
0.17588205635547638
0.22143326699733734
0.05153769254684448
0.2481597363948822
0.26909515261650085
0.2106511890888214
0.23583821952342987
0.16159038245677948
0.12168066948652267
0.08458195626735687
0.08939609676599503
0.13726305961608887
0.1804591864347458
0.15232978761196136
0.22997336089611053
0.09808540344238281
0.11109285056591034
0.22181455790996552
0.2408168911933899
0.21311120688915253
0.12472514808177948
0.12262897193431854
0.15040603280067444
0.1933280974626541
0.2404409945011139
0.18273037672042847
0.19462929666042328
0.23575057089328766
0.3455083966255188
0.16167114675045013
0.0870966836810112
0.16928255558013916
0.19834354519844055
0.21143878996372223
0.06941632181406021
0.10347960144281387
0.20283231139183044
0.1872253119945526
0.07489125430583954
0.22297009825706482
0.0703572928905487
0.1289750635623932
0.16510137915611267
0.1290980875492096
0.3001905083656311
0.28554415702819824
0.07222729176282883
0.10857852548360825
0.34238165616989136
0.15021148324012756
0.11910825222730637
0.12608297169208527
0.14258889853954315
0.22534161806106567
0.2654007375240326
0.2461453676223755
0.20886453986167908
0.1470239907503128
0.13907602429389954
0.1132231131196022
0.24509935081005096
0.06527239829301834
0.17332354187965393
0.1755877435207367
0.12779970467090607
0.12043522298336029
0.13985511660575867
0.09794815629720688
0.30259785056114197
0.14231547713279724
0.21597377955913544
0.23509350419044495
0.1222127228975296
0.13602665066719055
0.15401189029216766
0.284492552280426
0.12740014493465424
0.19665613770484924
0.13975077867507935
0.25313374400138855
0.19794796407222748
0.11330196261405945
0.18851815164089203
0.10908258706331253
0.26295796036720276
0.11413252353668213
0.1125728189945221
0.12676268815994263
0.16853973269462585
0.3195791244506836
0.11258922517299652
0.17276053130626678
0.13683755695819855
0.2644827663898468
0.22435925900936127
0.18530696630477905
0.14535921812057495
0.23517253994941711
0.07391981780529022
0.35545459389686584
0.14043736457824707
0.48291194438934326
0.1628974974155426
0.1515774428844452
0.1713351309299469
0.13980385661125183
0.19420050084590912
0.24190154671669006
0.18038292229175568
0.14302967488765717
0.12826672196388245
0.0862877368927002
0.11270668357610703
0.13884910941123962
0.11524441093206406
0.20669850707054138
0.18984831869602203
0.11491386592388153
0.08481890708208084
0.40253594517707825
0.17266440391540527
0.2016371339559555
0.171989306807518
0.11333955824375153
0.16316337883472443
0.3277381658554077
0.1860315501689911
0.157241553068161
0.3938274383544922
0.10513756424188614
0.07376232743263245
0.14236901700496674
0.09328045696020126
0.1675175428390503
0.28133851289749146
0.10778118669986725
0.12636922299861908
0.06498150527477264
0.09844095259904861
0.06588993221521378
0.18634028732776642
0.1300601363182068
0.218719020485878
0.19050462543964386
0.13505928218364716
0.16988277435302734
0.46731558442115784
0.12017092853784561
0.1724354475736618
0.13393288850784302
0.2774457633495331
0.1755414754152298
0.123696468770504
0.14522983133792877
0.19728830456733704
0.23299960792064667
0.09020023792982101
0.13770678639411926
0.13553600013256073
0.14616356790065765
0.14580056071281433
0.10839547216892242
0.08231555670499802
0.13710786402225494
0.29975205659866333
0.18023982644081116
0.3623908758163452
0.1413193792104721
0.11964182555675507
0.24587765336036682
0.0992727279663086
0.16033802926540375
0.19924606382846832
0.2347009778022766
0.10844331234693527
0.206634983420372
0.21145713329315186
0.14824438095092773
0.0662284567952156
0.13012801110744476
0.16048194468021393
0.143762469291687
0.04863979294896126
0.2950438857078552
0.177207350730896
0.10051355510950089
0.3939339816570282
0.17463845014572144
0.1729293316602707
0.03657948225736618
0.1721104383468628
0.0669684037566185
0.09587698429822922
0.23238271474838257
0.37290602922439575
0.0946323573589325
0.12358028441667557
0.2628744840621948
0.0959954485297203
0.17889386415481567
0.17825962603092194
0.18002940714359283
0.1676367074251175
0.07883958518505096
0.2912597954273224
0.06673851609230042
0.09402432292699814
0.2764124572277069
0.10699008405208588
0.15579825639724731
0.21097205579280853
0.28804251551628113
0.2703755795955658
0.23860588669776917
0.17420852184295654
0.25951018929481506
0.12239732593297958
0.17087310552597046
0.12350282818078995
0.2518543004989624
0.14473846554756165
0.42782264947891235
0.24603457748889923
0.14819255471229553
0.12167692184448242
0.1096554771065712
0.18345074355602264
0.14984165132045746
0.09325911104679108
0.18381601572036743
0.1538723111152649
0.09188453108072281
0.28613388538360596
0.11460654437541962
0.041140783578157425
0.12473255395889282
0.10077426582574844
0.1930682212114334
0.15354374051094055
0.21581484377384186
0.15945759415626526
0.19583667814731598
0.22964072227478027
0.15208257734775543
0.0828542411327362
0.15198886394500732
0.11319713294506073
0.19206231832504272
0.11019568145275116
0.10014186054468155
0.37008488178253174
0.13230755925178528
0.24864253401756287
0.37107744812965393
0.20982149243354797
0.04938805475831032
0.14339478313922882
0.26538369059562683
0.08770954608917236
0.19870805740356445
0.25632715225219727
0.24312780797481537
0.11964491009712219
0.13535791635513306
0.096564881503582
0.22419486939907074
0.07550670206546783
0.0885542631149292
0.12102872878313065
0.17612224817276
0.19679521024227142
0.10301036387681961
0.061170823872089386
0.09916283935308456
0.08584627509117126
0.13027726113796234
0.12788821756839752
0.1885584145784378
