0.34914812445640564
0.3114382028579712
0.2808377146720886
0.44308486580848694
0.22091978788375854
0.35196682810783386
0.34212496876716614
0.341749906539917
0.27826324105262756
0.4181075096130371
0.5278304219245911
0.4339962601661682
0.4200490713119507
0.327181875705719
0.3637627363204956
0.4665563106536865
0.32914575934410095
0.2918332517147064
0.33722105622291565
0.5495411157608032
0.3986205458641052
0.4386749565601349
0.6159428358078003
0.5069755911827087
0.40147143602371216
0.27867040038108826
0.6560500860214233
0.1853240430355072
0.30437320470809937
0.5796371698379517
0.4109542965888977
0.2812492847442627
0.519881010055542
0.3574867844581604
0.4273192584514618
0.2739705443382263
0.32519635558128357
0.5017598867416382
0.45345956087112427
0.27203214168548584
0.20166927576065063
0.3702842593193054
0.3361305594444275
0.3596487045288086
0.4206317961215973
0.1927344799041748
0.5085923671722412
0.309699147939682
0.2922801971435547
0.4024825394153595
0.29026320576667786
0.37162598967552185
0.32987353205680847
0.6224379539489746
0.5050429701805115
0.3574773967266083
0.37347808480262756
0.3289191424846649
0.4835652709007263
0.4184211492538452
0.3079688847064972
0.37355875968933105
0.4069889187812805
0.3596354126930237
0.261111855506897
0.4594529867172241
0.2933160960674286
0.2887025475502014
0.3811722993850708
0.6779237985610962
0.23780305683612823
0.504815936088562
0.37884533405303955
0.539570152759552
0.4260215759277344
0.5289598703384399
0.3258882462978363
0.3488726317882538
0.24902553856372833
0.33406853675842285
0.2614944577217102
0.529445230960846
0.4967361390590668
0.40454402565956116
0.2805083096027374
0.3654506206512451
0.3028581142425537
0.31094086170196533
0.6889356970787048
0.36701419949531555
0.3996598720550537
0.3821849524974823
0.2426908016204834
0.3011428415775299
0.38867515325546265
0.5202297568321228
0.416118860244751
0.4128488302230835
0.18488211929798126
0.6989516019821167
0.3909459114074707
0.4181402325630188
0.32745784521102905
0.3255966007709503
0.4076828956604004
0.2870614528656006
0.2826423943042755
0.31037670373916626
0.3151240944862366
0.3622651994228363
0.2653176188468933
0.5010732412338257
0.36500445008277893
0.22817838191986084
0.3020727038383484
0.6951941251754761
0.19889399409294128
0.38720446825027466
0.4114811420440674
0.3990042805671692
0.37400078773498535
0.30009984970092773
0.4882030487060547
0.40016821026802063
0.3694390058517456
0.21897351741790771
0.295488178730011
0.7666351795196533
0.30074092745780945
0.4890569746494293
0.48057472705841064
0.2802981734275818
0.25383061170578003
0.1940583735704422
0.3012368977069855
0.3407994508743286
0.3485848605632782
0.39022892713546753
0.18461816012859344
0.6145806312561035
0.2867002487182617
0.374294251203537
0.37719881534576416
0.4964655339717865
0.26347339153289795
0.5380803346633911
0.2813009023666382
0.3767392337322235
0.43314698338508606
0.35537058115005493
0.32083675265312195
0.3497724235057831
0.31890958547592163
0.31992822885513306
0.19699406623840332
0.35189762711524963
0.5489888787269592
0.3344694972038269
0.4288325905799866
0.285412073135376
0.35745105147361755
0.26558467745780945
0.40352532267570496
0.36452609300613403
0.2350398600101471
0.4824449419975281
0.23467691242694855
0.4729526937007904
0.5091628432273865
0.2220945954322815
0.27494311332702637
0.3714061379432678
0.2790856957435608
0.30350708961486816
0.30940353870391846
0.25133171677589417
0.36765336990356445
0.3155670464038849
0.23089715838432312
0.2440151870250702
0.5298833250999451
0.40744325518608093
0.3552955389022827
0.3354984223842621
0.28672242164611816
0.4421621859073639
0.2874746322631836
0.27505847811698914
0.2851867377758026
0.4662347137928009
0.2851818799972534
0.284436970949173
0.43610355257987976
0.3250618875026703
0.43736550211906433
0.4544410705566406
0.34647461771965027
0.24183645844459534
0.20551882684230804
0.30318304896354675
0.2425093799829483
0.37557628750801086
0.5026495456695557
0.41989976167678833
0.34540480375289917
0.3521467447280884
0.5179227590560913
0.28437912464141846
0.34220170974731445
0.38464218378067017
0.236883744597435
0.30868035554885864
0.266945481300354
0.3839567303657532
0.5298507809638977
0.28603434562683105
0.35887548327445984
0.2878625988960266
0.409086138010025
0.6835617423057556
0.3080619275569916
0.3416106104850769
0.2269858717918396
0.19021455943584442
0.3528400659561157
0.4001403748989105
0.3064275085926056
0.6633042693138123
0.1629330813884735
0.39543282985687256
0.3616035282611847
0.3422313928604126
0.3985130786895752
0.318908154964447
0.4919503927230835
0.4424758553504944
0.28388485312461853
0.47117796540260315
0.5968250036239624
0.31171005964279175
0.4613061845302582
0.4008461833000183
0.43031302094459534
0.22483929991722107
0.3064495325088501
0.296530544757843
0.45585906505584717
0.4146091341972351
0.20688606798648834
0.40163472294807434
0.43264397978782654
0.314442902803421
0.3476743698120117
0.26678773760795593
0.34247636795043945
0.3192809820175171
0.3899117410182953
0.5225408673286438
0.267765074968338
0.3678798973560333
0.47033172845840454
0.3881555497646332
0.3646831810474396
0.21983499825000763
0.4176445007324219
0.23682816326618195
0.39324864745140076
0.1932458132505417
0.41261687874794006
0.30363771319389343
0.2025885134935379
0.22376319766044617
0.410428524017334
0.17678630352020264
0.4468281865119934
0.2661432921886444
0.3473932445049286
0.501188337802887
0.40045365691185
0.1935102790594101
0.33289554715156555
0.3037185072898865
0.2831334173679352
0.315903902053833
0.3190993666648865
0.2540082335472107
0.44488248229026794
0.36194783449172974
0.47767913341522217
0.3505471348762512
0.28879570960998535
0.25107693672180176
0.40572768449783325
0.2926327586174011
0.40360888838768005
0.5756697058677673
0.4827641546726227
0.28359922766685486
0.3078227937221527
0.3339140713214874
0.45974940061569214
0.3052641451358795
0.3558971583843231
0.3525371849536896
0.4371201992034912
0.23437540233135223
0.2464965581893921
0.3449619710445404
0.33240771293640137
0.4447898268699646
0.27851349115371704
0.5442895293235779
0.23117409646511078
0.5833104848861694
0.3274634778499603
0.3155727982521057
0.3923533856868744
0.23847076296806335
0.29626917839050293
0.29447057843208313
0.24199044704437256
0.33192554116249084
0.4960228502750397
0.38646331429481506
0.4585859179496765
0.5134750008583069
0.3189302980899811
0.31120550632476807
0.6429573893547058
0.3645263612270355
0.4314119219779968
0.23196537792682648
0.5141605138778687
0.35108035802841187
0.3474534749984741
0.5516497492790222
0.1896103471517563
0.2847824692726135
0.3025651276111603
0.2410552203655243
0.28029733896255493
0.5272046327590942
0.2506837844848633
0.2739347219467163
0.3513430058956146
0.2898743748664856
0.38686636090278625
0.2815442681312561
0.3257453143596649
0.2346833497285843
0.22491072118282318
0.5163413882255554
0.6248211860656738
0.3068937063217163
0.3145674765110016
0.3532334566116333
0.43884238600730896
0.3679802715778351
0.3306049108505249
0.5500197410583496
0.3053208291530609
0.326036661863327
0.20793208479881287
0.6027558445930481
0.3001573979854584
0.31199419498443604
0.2916383445262909
0.2621762454509735
0.35746487975120544
0.3097975552082062
0.38457879424095154
0.3929891586303711
0.3274059593677521
0.17887690663337708
0.36579832434654236
0.32751309871673584
0.32116127014160156
0.3828464448451996
0.18905040621757507
0.3819699287414551
0.43978530168533325
0.43740347027778625
0.26865115761756897
0.3538043797016144
0.3513065576553345
0.41228294372558594
0.337434858083725
0.40806591510772705
0.25264880061149597
0.4563334584236145
0.36799895763397217
0.38872748613357544
0.37963321805000305
0.29894745349884033
0.36795005202293396
0.22314104437828064
0.29061418771743774
0.5216119289398193
0.33161988854408264
0.3823992609977722
0.4274514317512512
0.21849679946899414
0.3723287880420685
0.3101007342338562
0.25954434275627136
0.44280290603637695
0.1762314736843109
0.38651832938194275
0.49265679717063904
0.3264390230178833
0.4601295292377472
0.6011701822280884
0.33939942717552185
0.4644773304462433
0.41672009229660034
0.41615572571754456
0.31820741295814514
0.22070324420928955
0.2625999450683594
0.1600785255432129
0.3703358769416809
0.14475753903388977
0.4623262286186218
0.21771953999996185
0.21386338770389557
0.2282342165708542
0.6067768335342407
0.3404545187950134
0.3716294467449188
0.3776301145553589
0.3067634701728821
0.1157606989145279
0.35152190923690796
0.21794740855693817
0.32075825333595276
0.2260584831237793
0.31186893582344055
0.4981965124607086
0.43961846828460693
0.2637488543987274
0.4166698157787323
0.3571241497993469
0.2193463295698166
0.5053609013557434
0.3904249668121338
0.30125895142555237
0.4279472529888153
0.31822219491004944
0.3866189122200012
0.3917369544506073
0.1548968255519867
0.2230716049671173
0.22638514637947083
0.320122629404068
0.22988097369670868
0.23912858963012695
0.3727433979511261
0.2635873854160309
0.29520779848098755
0.26241204142570496
0.4475315511226654
0.4107814431190491
0.58187335729599
0.39415404200553894
0.353419691324234
0.35272452235221863
0.22697162628173828
0.2604047954082489
0.31480836868286133
0.2700449526309967
0.38411226868629456
0.6450281739234924
0.30700236558914185
0.12793388962745667
0.22671803832054138
0.3267672061920166
0.19631245732307434
0.44301432371139526
0.30273503065109253
0.346391499042511
0.23814737796783447
0.2897079288959503
0.5165477395057678
0.2711315453052521
0.30800169706344604
0.23419223725795746
0.23413380980491638
0.30978941917419434
0.43597275018692017
0.23395775258541107
0.19197359681129456
0.46190860867500305
0.1437821090221405
0.3477787971496582
0.38401058316230774
0.33887621760368347
0.3292960226535797
0.2672768831253052
0.16461221873760223
0.4136628806591034
0.17415328323841095
0.45222756266593933
0.17653849720954895
0.3266182541847229
0.2507918179035187
0.41794008016586304
0.21526050567626953
0.23363250494003296
0.17292337119579315
0.33833250403404236
0.38311776518821716
0.21104951202869415
0.41063234210014343
0.35840776562690735
0.25178325176239014
0.5121849179267883
0.5306456089019775
0.36171889305114746
0.09120514988899231
0.38256189227104187
0.3779170513153076
0.37741464376449585
0.3408096432685852
0.4905141592025757
0.3790479302406311
0.3164425194263458
0.4088776409626007
0.28475508093833923
0.4700503647327423
0.29751941561698914
0.08758223056793213
0.5575496554374695
0.19989915192127228
0.2839076519012451
0.34277960658073425
0.24403542280197144
0.25902310013771057
0.41695427894592285
0.16291306912899017
0.1842765361070633
0.3920285999774933
0.2523752748966217
0.46108320355415344
0.34010955691337585
0.2168787568807602
0.365040123462677
0.43850165605545044
0.40782174468040466
0.29859328269958496
0.19144465029239655
0.32195526361465454
0.401144802570343
0.3376515209674835
0.33029747009277344
0.5074836611747742
0.3214623034000397
0.48091909289360046
0.5360228419303894
0.4475480914115906
0.2724780738353729
0.23749640583992004
0.412185937166214
0.28252944350242615
0.3045078217983246
0.40164709091186523
0.29564329981803894
0.150983065366745
0.435861736536026
0.2508692145347595
0.166172593832016
0.17036978900432587
0.33796054124832153
0.22725416719913483
0.21972645819187164
0.22755591571331024
0.12133254110813141
0.45097312331199646
0.33008310198783875
0.2505435645580292
0.29674220085144043
0.2343013435602188
0.45739299058914185
0.3444308042526245
0.148848295211792
0.349395215511322
0.3027763366699219
0.3537255525588989
0.29068249464035034
0.3880389630794525
0.368390828371048
0.2930421531200409
0.2971229553222656
0.27289915084838867
0.28987953066825867
0.21047909557819366
0.40201786160469055
0.23188550770282745
0.3519056439399719
0.338967502117157
0.18812867999076843
0.10156530886888504
0.40769481658935547
0.21284359693527222
0.46912264823913574
0.5058051347732544
0.22550058364868164
0.2585543990135193
0.31682300567626953
0.16783244907855988
0.4176214933395386
0.560020387172699
0.39642414450645447
0.21152742207050323
0.4984835982322693
0.23238159716129303
0.43562909960746765
0.3954596519470215
0.2576245963573456
0.38044023513793945
0.42856863141059875
0.2926439940929413
0.29920893907546997
0.30724936723709106
0.19194395840168
0.21329191327095032
0.4617519676685333
0.37660956382751465
0.23805531859397888
0.33205389976501465
0.36926472187042236
0.18400783836841583
0.16507652401924133
0.35536983609199524
0.1988326907157898
0.1718473732471466
0.4314303398132324
0.6315574645996094
0.3160075843334198
0.40409648418426514
0.16721150279045105
0.36047717928886414
0.3358341455459595
0.37009477615356445
0.2909110188484192
0.26398801803588867
0.16169589757919312
0.18525318801403046
0.5769652128219604
0.40440839529037476
0.39501047134399414
0.2759004533290863
0.1613503247499466
0.3156470060348511
0.254668653011322
0.4998246729373932
0.3762582540512085
0.472324013710022
0.38127097487449646
0.28002649545669556
0.279474675655365
0.22570493817329407
0.21977590024471283
0.20642736554145813
0.22084473073482513
0.20962366461753845
0.3788629472255707
0.16763095557689667
0.23338188230991364
0.1626313477754593
0.4502839744091034
0.301628977060318
0.23548315465450287
0.4596165120601654
0.4351333975791931
0.3077126741409302
0.24900242686271667
0.32420238852500916
0.250995397567749
0.16799379885196686
0.18988625705242157
0.21374504268169403
0.2085750699043274
0.2322082221508026
0.4123002290725708
0.29191866517066956
0.3390471637248993
0.28276047110557556
0.3194444179534912
0.2748802900314331
0.22336967289447784
0.1466946303844452
0.38161835074424744
0.21205921471118927
0.3171420097351074
0.4088442921638489
0.38894301652908325
0.33627429604530334
0.20316307246685028
0.42607957124710083
0.3228675425052643
0.4470280408859253
0.273881196975708
0.29240307211875916
0.26526811718940735
0.37811484932899475
0.24094931781291962
0.1261308640241623
0.27426183223724365
0.2445775866508484
0.20275019109249115
0.3490786850452423
0.31029945611953735
0.188097283244133
0.31056439876556396
0.3041171133518219
0.2396550476551056
0.29734981060028076
0.38160625100135803
0.1757853925228119
0.20710286498069763
0.15541383624076843
0.2988920211791992
0.5143232345581055
0.3714330792427063
0.24124525487422943
0.3420414328575134
0.11583976447582245
0.28750625252723694
0.4338206946849823
0.2501579523086548
0.3904142379760742
0.28004613518714905
0.23987938463687897
0.21359476447105408
0.16264955699443817
0.20973055064678192
0.4395676255226135
0.2319771945476532
0.3452962636947632
0.4795043468475342
0.20086634159088135
0.36900031566619873
0.14433278143405914
0.146013081073761
0.19320465624332428
0.16742117702960968
0.24654778838157654
0.26756414771080017
0.25612765550613403
0.22599183022975922
0.23373501002788544
0.36741748452186584
0.585909366607666
0.3362489938735962
0.4057149291038513
0.31728363037109375
0.43629467487335205
0.16849105060100555
0.36405980587005615
0.21968616545200348
0.20674969255924225
0.235276460647583
0.2967204749584198
0.32279375195503235
0.18043872714042664
0.3967830240726471
0.30247780680656433
0.4259030520915985
0.17613160610198975
0.37001118063926697
0.16422252357006073
0.17468038201332092
0.24758490920066833
0.1872091293334961
0.2588140070438385
0.34847143292427063
0.5311986207962036
0.28434863686561584
0.37503165006637573
0.23009878396987915
0.4328268766403198
0.3555794060230255
0.1271905153989792
0.2251368761062622
0.1525660902261734
0.2789970338344574
0.2435380518436432
0.2641821503639221
0.3402065634727478
0.25211718678474426
0.1651744395494461
0.33775028586387634
0.1473744958639145
0.19753104448318481
0.44464102387428284
0.3066868782043457
0.3067220449447632
0.2550475597381592
0.24534431099891663
0.3697667717933655
0.3788931369781494
0.33673322200775146
0.2928640842437744
0.4665604531764984
0.4031446874141693
0.25569137930870056
0.35550564527511597
0.30198919773101807
0.4719395935535431
0.21664734184741974
0.31579679250717163
0.27419131994247437
0.23217447102069855
0.1987362504005432
0.30548644065856934
0.20056872069835663
0.24726229906082153
0.2283625453710556
0.20025978982448578
0.3587091565132141
0.45409756898880005
0.3018970191478729
0.248432919383049
0.39234262704849243
0.3964051604270935
0.4496577978134155
0.3947042226791382
0.27525484561920166
0.33021894097328186
0.2306864857673645
0.17075102031230927
0.21836154162883759
0.4502778947353363
0.2641848623752594
0.1710134595632553
0.25673583149909973
0.26388075947761536
0.42697617411613464
0.10729573667049408
0.1943242996931076
0.47486427426338196
0.45554450154304504
0.15914888679981232
0.28621047735214233
0.39499765634536743
0.27070537209510803
0.2994658052921295
0.18534719944000244
0.33804038166999817
0.3222125470638275
0.17353922128677368
0.1619456261396408
0.2695322632789612
0.28059834241867065
0.2825755774974823
0.22978875041007996
0.314534455537796
0.23148134350776672
0.13419365882873535
0.27618566155433655
0.1502472162246704
0.3495451509952545
0.4060847759246826
0.17116579413414001
0.25133568048477173
0.2827972173690796
0.23380890488624573
0.29682549834251404
0.41415640711784363
0.24539810419082642
0.4633612334728241
0.20212118327617645
0.39896297454833984
0.10059170424938202
0.22669297456741333
0.28941282629966736
0.24009551107883453
0.27028587460517883
0.22549301385879517
0.3030220866203308
0.426133394241333
0.18946108222007751
0.39858439564704895
0.3909204602241516
0.4257170557975769
0.21534021198749542
0.31185612082481384
0.32953202724456787
0.1506132185459137
0.2065655142068863
0.3749716579914093
0.33211639523506165
0.3082701563835144
0.11508062481880188
0.3536541759967804
0.27133968472480774
0.29594510793685913
0.3975142240524292
0.3997795879840851
0.2531048655509949
0.34165263175964355
0.2650361955165863
0.4130006730556488
0.35122862458229065
0.21104934811592102
0.3519690930843353
0.2886708974838257
0.1005096510052681
0.3064240515232086
0.3156772255897522
0.29339736700057983
0.3608509600162506
0.28602930903434753
0.27007392048835754
0.2188350111246109
0.20041441917419434
0.16362057626247406
0.49952369928359985
0.27925652265548706
0.20487119257450104
0.2886574864387512
0.2664491832256317
0.3704555928707123
0.21949397027492523
0.20728810131549835
0.11886763572692871
0.33545491099357605
0.3074703514575958
0.21339082717895508
0.20866817235946655
0.3568285405635834
0.413678914308548
0.3595442473888397
0.2457837462425232
0.23018012940883636
0.11820045113563538
0.360734224319458
0.22767701745033264
0.5942385792732239
0.2611936032772064
