12.5
9.375
4.6875
10.9375
7.8125
14.0625
15.625
17.1875
14.0625
6.25
17.1875
17.1875
14.0625
18.75
25
26.5625
28.125
31.25
26.5625
39.0625
35.9375
40.625
31.25
39.0625
39.0625
40.625
40.625
42.1875
37.5
42.1875
50
50
45.3125
34.375
57.8125
40.625
53.125
45.3125
56.25
43.75
56.25
37.5
56.25
43.75
45.3125
56.25
48.4375
51.5625
65.625
60.9375
50
53.125
54.6875
53.125
57.8125
56.25
70.3125
59.375
65.625
53.125
62.5
56.25
50
54.6875
57.8125
50
59.375
59.375
53.125
53.125
70.3125
60.9375
56.25
62.5
56.25
65.625
60.9375
50
65.625
59.375
64.0625
65.625
65.625
65.625
57.8125
75
76.5625
65.625
60.9375
65.625
64.0625
60.9375
67.1875
64.0625
70.3125
62.5
65.625
70.3125
60.9375
62.5
68.75
60.9375
62.5
65.625
70.3125
56.25
65.625
64.0625
62.5
64.0625
67.1875
62.5
60.9375
65.625
59.375
70.3125
67.1875
67.1875
64.0625
60.9375
62.5
71.875
67.1875
71.875
75
75
78.125
89.0625
71.875
75
67.1875
78.125
65.625
67.1875
65.625
65.625
68.75
70.3125
70.3125
62.5
78.125
65.625
76.5625
73.4375
60.9375
70.3125
71.875
75
67.1875
71.875
81.25
76.5625
67.1875
78.125
70.3125
65.625
73.4375
75
73.4375
70.3125
65.625
84.375
68.75
70.3125
76.5625
70.3125
81.25
79.6875
71.875
68.75
82.8125
89.0625
76.5625
68.75
71.875
70.3125
78.125
70.3125
70.3125
76.5625
71.875
73.4375
78.125
75
73.4375
81.25
89.0625
76.5625
75
81.25
75
76.5625
75
81.25
60.9375
78.125
71.875
68.75
84.375
76.5625
75
71.875
76.5625
70.3125
81.25
82.8125
71.875
76.5625
75
79.6875
78.125
71.875
79.6875
79.6875
78.125
71.875
79.6875
82.8125
75
71.875
81.25
85.9375
71.875
78.125
76.5625
76.5625
81.25
81.25
79.6875
73.4375
84.375
79.6875
70.3125
76.5625
78.125
81.25
78.125
82.8125
76.5625
76.5625
79.6875
81.25
79.6875
78.125
81.25
84.375
78.125
81.25
82.8125
81.25
87.5
73.4375
79.6875
81.25
84.375
78.125
87.5
82.8125
82.8125
71.875
82.8125
81.25
78.125
79.6875
81.25
82.8125
78.125
81.25
92.1875
89.0625
75
75
82.8125
79.6875
78.125
73.4375
85.9375
89.0625
78.125
84.375
76.5625
89.0625
84.375
78.125
87.5
84.375
85.9375
71.875
70.3125
79.6875
81.25
87.5
78.125
79.6875
81.25
78.125
76.5625
84.375
84.375
81.25
89.0625
76.5625
78.125
89.0625
76.5625
81.25
79.6875
71.875
76.5625
85.9375
75
79.6875
85.9375
79.6875
78.125
89.0625
71.875
81.25
90.625
75
85.9375
79.6875
76.5625
78.125
85.9375
70.3125
82.8125
67.1875
78.125
92.1875
85.9375
81.25
87.5
82.8125
76.5625
81.25
81.25
76.5625
75
75
89.0625
82.8125
76.5625
79.6875
82.8125
85.9375
90.625
87.5
78.125
87.5
85.9375
82.8125
89.0625
87.5
78.125
84.375
84.375
82.8125
87.5
79.6875
89.0625
76.5625
78.125
84.375
81.25
89.0625
84.375
85.9375
95.3125
84.375
79.6875
84.375
85.9375
82.8125
78.125
82.8125
79.6875
85.9375
85.9375
78.125
82.8125
78.125
75
85.9375
78.125
87.5
85.9375
89.0625
89.0625
73.4375
82.8125
87.5
81.25
76.5625
85.9375
93.75
84.375
82.8125
81.25
78.125
84.375
81.25
78.125
85.9375
89.0625
85.9375
81.25
87.5
82.8125
89.0625
89.0625
81.25
81.25
78.125
78.125
87.5
84.375
84.375
89.0625
87.5
84.375
82.8125
82.8125
84.375
90.625
82.8125
90.625
93.75
75
85.9375
84.375
92.1875
84.375
85.9375
76.5625
84.375
82.8125
84.375
84.375
84.375
78.125
87.5
82.8125
76.5625
84.375
92.1875
93.75
78.125
82.8125
81.25
75
79.6875
84.375
95.3125
87.5
78.125
79.6875
82.8125
90.625
85.9375
81.25
85.9375
79.6875
84.375
78.125
82.8125
75
82.8125
85.9375
92.1875
79.6875
78.125
87.5
90.625
84.375
92.1875
85.9375
85.9375
85.9375
81.25
87.5
85.9375
92.1875
87.5
85.9375
79.6875
89.0625
87.5
82.8125
90.625
89.0625
90.625
82.8125
78.125
92.1875
76.5625
76.5625
84.375
78.125
78.125
85.9375
82.8125
87.5
84.375
84.375
84.375
84.375
87.5
87.5
84.375
84.375
79.6875
87.5
95.3125
85.9375
82.8125
82.8125
76.5625
79.6875
85.9375
89.0625
85.9375
81.25
78.125
93.75
92.1875
89.0625
87.5
85.9375
84.375
84.375
90.625
76.5625
84.375
78.125
84.375
87.5
92.1875
82.8125
90.625
90.625
92.1875
82.8125
75
85.9375
85.9375
76.5625
85.9375
82.8125
92.1875
79.6875
82.8125
85.9375
89.0625
87.5
87.5
89.0625
81.25
82.8125
84.375
79.6875
87.5
89.0625
82.8125
85.9375
89.0625
85.9375
79.6875
85.9375
87.5
85.9375
89.0625
87.5
85.9375
87.5
81.25
82.8125
82.8125
87.5
82.8125
81.25
92.1875
89.0625
81.25
81.25
90.625
90.625
95.3125
84.375
89.0625
78.125
87.5
87.5
82.8125
90.625
82.8125
82.8125
89.0625
87.5
73.4375
90.625
87.5
87.5
92.1875
84.375
87.5
79.6875
87.5
92.1875
81.25
84.375
82.8125
87.5
84.375
85.9375
82.8125
89.0625
92.1875
84.375
81.25
84.375
93.75
84.375
79.6875
75
85.9375
79.6875
79.6875
87.5
87.5
87.5
89.0625
89.0625
82.8125
90.625
90.625
85.9375
84.375
81.25
87.5
87.5
79.6875
89.0625
92.1875
90.625
90.625
87.5
84.375
90.625
92.1875
90.625
85.9375
82.8125
87.5
79.6875
81.25
85.9375
90.625
87.5
82.8125
92.1875
85.9375
82.8125
85.9375
81.25
89.0625
92.1875
89.0625
78.125
84.375
82.8125
89.0625
85.9375
84.375
92.1875
78.125
85.9375
90.625
90.625
87.5
87.5
84.375
84.375
82.8125
75
87.5
85.9375
85.9375
84.375
87.5
85.9375
89.0625
90.625
82.8125
84.375
85.9375
89.0625
84.375
85.9375
84.375
92.1875
85.9375
92.1875
89.0625
81.25
75
89.0625
89.0625
85.9375
92.1875
89.0625
81.25
85.9375
92.1875
78.125
85.9375
92.1875
87.5
90.625
81.25
82.8125
85.9375
93.75
85.9375
82.8125
85.9375
85.9375
85.9375
81.25
85.9375
85.9375
89.0625
92.1875
89.0625
89.0625
84.375
84.375
92.1875
85.9375
93.75
85.9375
85.9375
93.75
95.3125
90.625
87.5
87.5
92.1875
100
87.5
78.125
95.3125
89.0625
81.25
78.125
85.9375
85.9375
92.1875
84.375
89.0625
92.1875
81.25
85.9375
85.9375
92.1875
85.9375
78.125
79.6875
85.9375
81.25
84.375
81.25
85.9375
79.6875
81.25
84.375
92.1875
81.25
87.5
87.5
87.5
79.6875
87.5
89.0625
84.375
85.9375
92.1875
96.875
79.6875
87.5
89.0625
89.0625
84.375
87.5
82.8125
87.5
90.625
90.625
82.8125
89.0625
79.6875
87.5
90.625
98.4375
89.0625
85.9375
81.25
90.625
81.25
90.625
84.375
87.5
90.625
84.375
93.75
92.1875
84.375
87.5
85.9375
84.375
90.625
93.75
85.9375
92.1875
81.25
87.5
87.5
90.625
84.375
84.375
82.8125
79.6875
93.75
87.5
90.625
81.25
81.25
92.1875
92.1875
89.0625
85.9375
92.1875
89.0625
84.375
85.9375
82.8125
89.0625
87.5
87.5
85.9375
89.0625
90.625
89.0625
87.5
82.8125
82.8125
81.25
81.25
90.625
84.375
85.9375
87.5
82.8125
87.5
92.1875
92.1875
92.1875
87.5
81.25
93.75
93.75
92.1875
95.3125
87.5
85.9375
82.8125
95.3125
84.375
93.75
85.9375
89.0625
87.5
85.9375
85.9375
87.5
93.75
89.0625
84.375
89.0625
84.375
89.0625
87.5
84.375
93.75
92.1875
87.5
87.5
89.0625
92.1875
92.1875
93.75
89.0625
87.5
84.375
90.625
92.1875
85.9375
90.625
87.5
82.8125
93.75
85.9375
87.5
87.5
90.625
87.5
87.5
87.5
82.8125
87.5
79.6875
84.375
85.9375
81.25
89.0625
92.1875
87.5
93.75
92.1875
92.1875
89.0625
90.625
95.3125
81.25
90.625
95.83333333333334
92.1875
91.66666666666666
100
91.66666666666666
