2.2965235710144043
2.3343968391418457
2.308854579925537
2.289032459259033
2.290667772293091
2.2869794368743896
2.2751216888427734
2.274686098098755
2.257014036178589
2.267397165298462
2.2588846683502197
2.258272886276245
2.233088254928589
2.251716136932373
2.2221620082855225
2.25081467628479
2.1950201988220215
2.2227725982666016
2.200014352798462
2.1950955390930176
2.1850078105926514
2.2067723274230957
2.2143595218658447
2.1880459785461426
2.143846273422241
2.196104049682617
2.169365406036377
2.1652770042419434
2.156005620956421
2.124232053756714
2.1618635654449463
2.140230417251587
2.132507562637329
2.1401307582855225
2.0840132236480713
2.13108229637146
2.1035168170928955
2.0779638290405273
2.060908079147339
2.0976598262786865
2.0815176963806152
2.1397767066955566
2.019970417022705
2.0480637550354004
2.04799485206604
2.03153920173645
2.0768566131591797
2.0158870220184326
2.025353193283081
1.9857739210128784
2.0174474716186523
1.9737632274627686
2.0304248332977295
2.0270872116088867
1.999997615814209
1.993642807006836
1.9921013116836548
1.9268814325332642
1.956472635269165
1.8739359378814697
1.892075777053833
1.9262388944625854
1.9393186569213867
1.9203877449035645
1.9464257955551147
1.9075682163238525
1.9372613430023193
1.9014736413955688
1.8835606575012207
1.9003641605377197
1.8395837545394897
1.7873960733413696
1.877205729484558
1.7634694576263428
1.8168176412582397
1.8289965391159058
1.7572962045669556
1.9336119890213013
1.823106050491333
1.7446790933609009
1.714690089225769
1.8191604614257813
1.7409656047821045
1.7271432876586914
1.640159010887146
1.7893712520599365
1.6738317012786865
1.6745569705963135
1.6946293115615845
1.7378158569335938
1.6890414953231812
1.68538236618042
1.5878440141677856
1.6191810369491577
1.7095749378204346
1.6455823183059692
1.6320549249649048
1.625629186630249
1.6961239576339722
1.6494556665420532
1.5653090476989746
1.5360580682754517
1.5249637365341187
1.5593520402908325
1.5259491205215454
1.5794392824172974
1.4417147636413574
1.5052886009216309
1.4368795156478882
1.5884811878204346
1.5863739252090454
1.5233488082885742
1.5132795572280884
1.5728788375854492
1.4883984327316284
1.5014839172363281
1.4885923862457275
1.3790366649627686
1.4117497205734253
1.4959653615951538
1.387137770652771
1.4547042846679688
1.3721822500228882
1.3716312646865845
1.3570760488510132
1.4183077812194824
1.2463878393173218
1.2633308172225952
1.370642066001892
1.2241965532302856
1.2934194803237915
1.4001047611236572
1.3755842447280884
1.3644167184829712
1.463387370109558
1.2708309888839722
1.226464867591858
1.2931965589523315
1.2715427875518799
1.2248051166534424
1.2294317483901978
1.2755303382873535
1.2484960556030273
1.203507900238037
1.2639367580413818
1.4403431415557861
1.2049480676651
1.260947823524475
1.1402448415756226
1.244173288345337
1.1912187337875366
1.0491044521331787
1.275339961051941
1.1070815324783325
1.1215720176696777
1.2954837083816528
1.0969362258911133
1.1882128715515137
1.0675249099731445
1.1340880393981934
1.0100940465927124
1.1989856958389282
1.1189895868301392
1.1776673793792725
1.0776729583740234
1.06308913230896
1.1381587982177734
1.0107823610305786
1.1378419399261475
0.9427621960639954
1.0414284467697144
1.1671077013015747
0.9951808452606201
1.0684936046600342
1.0053359270095825
0.9896327257156372
0.9724271893501282
1.0854158401489258
1.0632349252700806
0.8251438736915588
1.0084720849990845
0.9549046158790588
0.9645114541053772
0.8093945980072021
0.9799489378929138
0.8870231509208679
1.0447829961776733
0.7752227187156677
0.9914836287498474
1.0077917575836182
0.8740060329437256
0.8459463119506836
0.9037787318229675
0.9032049775123596
1.0245790481567383
0.7915281653404236
0.942698061466217
0.8608766794204712
0.8651700019836426
1.0312366485595703
0.9520718455314636
0.9341503381729126
0.9242448210716248
0.9040460586547852
0.7659642100334167
0.8392859101295471
0.9063097834587097
0.8358636498451233
0.8193715214729309
0.8762635588645935
0.7975099682807922
0.8260571956634521
0.889204204082489
0.7801315188407898
0.7843902111053467
0.7340959310531616
0.8465039134025574
0.7304060459136963
0.8425962328910828
0.8156510591506958
0.8182360529899597
0.7740631103515625
0.7691985368728638
0.7853602766990662
0.7583939433097839
0.8269152641296387
0.869552731513977
0.7402589321136475
0.803259015083313
0.6922595500946045
0.7789157032966614
0.8937538266181946
0.8363376259803772
0.8020511269569397
0.7000991702079773
0.6420391798019409
0.6833612322807312
0.6955239772796631
0.907453715801239
0.7732183933258057
0.7273346781730652
0.805182695388794
0.6266494989395142
0.6846909523010254
0.6301339268684387
0.7894109487533569
0.7683088779449463
0.7270368933677673
0.670322060585022
0.690460741519928
0.7865285873413086
0.7010819315910339
0.6805607080459595
0.6923758387565613
0.6782643795013428
0.6192105412483215
0.6928684115409851
0.7477016448974609
0.7500235438346863
0.7789533734321594
0.5864428877830505
0.9398597478866577
0.6740762591362
0.5341697335243225
0.5933700203895569
0.7149742245674133
0.689811110496521
0.6483720541000366
0.42067429423332214
0.7114721536636353
0.6932389140129089
0.5771783590316772
0.7729278206825256
0.6791585087776184
0.7382442951202393
0.7992129921913147
0.6265511512756348
0.6228548288345337
0.5962753295898438
0.5706183314323425
0.8069905042648315
0.666974663734436
0.6024028658866882
0.47783535718917847
0.647797703742981
0.6156854629516602
0.7419703006744385
0.47829341888427734
0.8361671566963196
0.6581583023071289
0.6231774091720581
0.5199037790298462
0.7374572157859802
0.6273962259292603
0.7132483124732971
0.668620765209198
0.8569432497024536
0.6314634680747986
0.5046153664588928
0.5166381001472473
0.44589686393737793
0.6327164769172668
0.5955556631088257
0.48425567150115967
0.6452474594116211
0.5366744995117188
0.7209228873252869
0.4839586317539215
0.6927098631858826
0.8429101705551147
0.7113537192344666
0.5421976447105408
0.5525984168052673
0.6647601127624512
0.5004655718803406
0.5277805924415588
0.8510736227035522
0.39847254753112793
0.6351169943809509
0.6128649711608887
0.49992695450782776
0.752044677734375
0.6434661746025085
0.683038055896759
0.5419853925704956
0.40384042263031006
0.8773261308670044
0.9744489192962646
0.6147173643112183
0.7493860721588135
0.5964832305908203
0.41109392046928406
0.5474671721458435
0.7274835705757141
0.6191997528076172
0.6728323101997375
0.5242722630500793
0.702086329460144
0.7630662322044373
0.6316275596618652
0.5106095671653748
0.7022520899772644
0.6880336999893188
0.5293645858764648
0.6367136240005493
0.3463590443134308
0.6075474619865417
0.5761156678199768
0.5523660182952881
0.5237773060798645
0.5453448295593262
0.5016891360282898
0.48491883277893066
0.7155264019966125
0.46183738112449646
0.510070264339447
0.558903694152832
0.673759937286377
0.6570654511451721
0.6131144762039185
0.4252150058746338
0.6129630208015442
0.5774778723716736
0.6600528359413147
0.7665292620658875
0.6950986981391907
0.6016607880592346
0.3432391583919525
0.3419886529445648
0.8020230531692505
0.47693973779678345
0.6048905849456787
0.5347532629966736
0.657982349395752
0.6136997938156128
0.4823470115661621
0.6051674485206604
0.573280394077301
0.5195931792259216
0.4838648736476898
0.6649978756904602
0.6314322352409363
0.46795544028282166
0.7442903518676758
0.7056544423103333
0.3879179358482361
0.4949115812778473
0.5152930617332458
0.6350625157356262
0.6499272584915161
0.5331706404685974
0.6248844861984253
0.4847638010978699
0.6599839329719543
0.4647579789161682
0.642208993434906
0.3899918794631958
0.653212308883667
0.4988362789154053
0.5319622159004211
0.44692757725715637
0.6767916083335876
0.4726353585720062
0.5759125351905823
0.4418829381465912
0.5994206666946411
0.6681550145149231
0.4244922995567322
0.4775911569595337
0.4882409870624542
0.5861437916755676
0.5526071190834045
0.536119818687439
0.7900815010070801
0.4969947934150696
0.5873385071754456
0.472408264875412
0.4555361270904541
0.4528544247150421
0.3816312849521637
0.6482545733451843
0.5933768153190613
0.4779415726661682
0.5358818769454956
0.37732064723968506
0.39618441462516785
0.2534453570842743
0.5946781039237976
0.7583146095275879
0.5234132409095764
0.47860515117645264
0.42359352111816406
0.6256521940231323
0.7745850682258606
0.3836139142513275
0.49362459778785706
0.5509436130523682
0.525891900062561
0.5635766983032227
0.5363930463790894
0.5636090636253357
0.4625687897205353
0.5764275789260864
0.4453541040420532
0.5496701002120972
0.3490923345088959
0.6260629892349243
0.30116647481918335
0.45668458938598633
0.6878016591072083
0.6008390784263611
0.5562567114830017
0.5096812844276428
0.4898587465286255
0.6780308485031128
0.31645408272743225
0.5712713599205017
0.3433811664581299
0.5436346530914307
0.5855674147605896
0.5068230628967285
0.5615178942680359
0.44459086656570435
0.5347258448600769
0.7948993444442749
0.7086355090141296
0.4384762942790985
0.43209758400917053
0.42112964391708374
0.6642300486564636
0.5879387855529785
0.3264518976211548
0.45364582538604736
0.41088998317718506
0.3582996726036072
0.33762025833129883
0.44293057918548584
0.5965502262115479
0.6120930910110474
0.3917561173439026
0.4076884686946869
0.3275604248046875
0.45753490924835205
0.4588056802749634
0.5256133675575256
0.4922163784503937
0.3761748969554901
0.6772049069404602
0.4880043566226959
0.3966200649738312
0.3366311490535736
0.49010783433914185
0.47894522547721863
0.3216615319252014
0.6539072394371033
0.5262492299079895
0.5936459302902222
0.38891446590423584
0.623802661895752
0.4099067151546478
0.5024992227554321
0.45275869965553284
0.6300005316734314
0.4972677528858185
0.4131787121295929
0.5437193512916565
0.5498504638671875
0.43394753336906433
0.46257391571998596
0.42583853006362915
0.703252911567688
0.48289692401885986
0.4890379011631012
0.5103535056114197
0.624915361404419
0.4080416262149811
0.5913658142089844
0.5784077048301697
0.4980749785900116
0.7834749221801758
0.3611542582511902
0.4818497598171234
0.6824931502342224
0.42658400535583496
0.37353479862213135
0.42366737127304077
0.4434010982513428
0.3092254400253296
0.47219887375831604
0.6325522065162659
0.4686104953289032
0.447282612323761
0.6764771342277527
0.7210725545883179
0.5210373997688293
0.389524906873703
0.42426633834838867
0.7203856110572815
0.3947255611419678
0.4326430857181549
0.373488187789917
0.7906482219696045
0.6101263165473938
0.40626195073127747
0.5138116478919983
0.7972055673599243
0.5971477627754211
0.41320592164993286
0.6830495595932007
0.42419400811195374
0.5080468654632568
0.46857374906539917
0.46079638600349426
0.5585958361625671
0.3994171619415283
0.4232100248336792
0.3524470627307892
0.547810435295105
0.5196000933647156
0.5648127198219299
0.6540669202804565
0.4094860255718231
0.5740801692008972
0.4309428632259369
0.48292043805122375
0.4053877592086792
0.549992024898529
0.38112810254096985
0.3790845274925232
0.49600550532341003
0.3696586787700653
0.3316259980201721
0.4149891138076782
0.4034976363182068
0.4972529709339142
0.41282278299331665
0.5419368147850037
0.3601929545402527
0.46712368726730347
0.8056411743164063
0.48722222447395325
0.6065855026245117
0.4396461546421051
0.3421997129917145
0.6819025874137878
0.5836987495422363
0.4523884356021881
0.289106547832489
0.4571259915828705
0.5046573877334595
0.5391961336135864
0.4133029878139496
0.5685125589370728
0.2623733580112457
0.4541955590248108
0.45332667231559753
0.42587655782699585
0.5051339864730835
0.5645357966423035
0.38402482867240906
0.28275248408317566
0.5746214985847473
0.4487943649291992
0.5271244049072266
0.4616583585739136
0.5668476819992065
0.49195238947868347
0.47631189227104187
0.3469480872154236
0.5019151568412781
0.3572920858860016
0.640897274017334
0.43896931409835815
0.4081115424633026
0.6199141144752502
0.5492860674858093
0.5304291248321533
0.374172180891037
0.37888771295547485
0.38695111870765686
0.4500945508480072
0.3682873249053955
0.5370230674743652
0.2678661644458771
0.6711040139198303
0.6333760023117065
0.5348893404006958
0.3440660536289215
0.4595395624637604
0.5110566020011902
0.533795952796936
0.42267560958862305
0.5078713893890381
0.42279523611068726
0.30805742740631104
0.3880435526371002
0.47522637248039246
0.5206635594367981
0.3660978078842163
0.38355350494384766
0.4232766032218933
0.40401262044906616
0.2877988815307617
0.6025708913803101
0.38319242000579834
0.27372702956199646
0.5205677151679993
0.5093186497688293
0.4218345582485199
0.4297066330909729
0.42821061611175537
0.3592071235179901
0.4823293387889862
0.6008315682411194
0.707578182220459
0.3317350149154663
0.3991004526615143
0.41260838508605957
0.6283849477767944
0.27862226963043213
0.29518821835517883
0.476399302482605
0.5404047966003418
0.41722407937049866
0.7032773494720459
0.40960565209388733
0.34943386912345886
0.3612767457962036
0.773841381072998
0.3624996542930603
0.4273034334182739
0.4907824695110321
0.40741193294525146
0.4754185378551483
0.583995521068573
0.3983178734779358
0.3676173985004425
0.32463809847831726
0.5721527338027954
0.25837674736976624
0.482572078704834
0.5699145793914795
0.4363539516925812
0.3695860207080841
0.6167289614677429
0.533626914024353
0.5363931059837341
0.5500179529190063
0.5162742733955383
0.3507693409919739
0.34627053141593933
0.48784878849983215
0.3445746600627899
0.49195772409439087
0.5509651899337769
0.32453590631484985
0.3550183176994324
0.5971401929855347
0.6949512362480164
0.36570030450820923
0.3516794741153717
0.2799623906612396
0.30448615550994873
0.38990405201911926
0.6836338043212891
0.3258710503578186
0.26947060227394104
0.576384961605072
0.5521170496940613
0.4930703341960907
0.30988606810569763
0.4217867851257324
0.5085556507110596
0.5556098818778992
0.5406513810157776
0.3742561936378479
0.34253376722335815
0.4124198853969574
0.7743992209434509
0.2599657475948334
0.45221543312072754
0.43377208709716797
0.28064417839050293
0.3603864014148712
0.4666704833507538
0.5704889893531799
0.5007081627845764
0.33931878209114075
0.48177748918533325
0.32800182700157166
0.500880241394043
0.3488280773162842
0.26565098762512207
0.3506092131137848
0.4947379231452942
0.2578648626804352
0.6105305552482605
0.47203388810157776
0.447982519865036
0.28552424907684326
0.41988641023635864
0.2712867259979248
0.34367480874061584
0.3711925148963928
0.3155554234981537
0.49506351351737976
0.32542547583580017
0.37034735083580017
0.1894342303276062
0.509814977645874
0.3595312833786011
0.5147218704223633
0.25618210434913635
0.556394636631012
0.5959668755531311
0.6069629192352295
0.32584309577941895
0.5086369514465332
0.5482054352760315
0.2786117494106293
0.29076239466667175
0.44121381640434265
0.5670199990272522
0.6371442079544067
0.3359714150428772
0.528314471244812
0.635830283164978
0.6283840537071228
0.5221975445747375
0.34627076983451843
0.5913814902305603
0.43900418281555176
0.350791871547699
0.38865846395492554
0.3228242099285126
0.6257274746894836
0.3343283534049988
0.3902836740016937
0.3588266670703888
0.4516419768333435
0.3227386474609375
0.5382283926010132
0.45030292868614197
0.36501026153564453
0.44351860880851746
0.30653172731399536
0.23116017878055573
0.4682491421699524
0.5353248715400696
0.3554741442203522
0.43036043643951416
0.4163263142108917
0.4426947236061096
0.44479432702064514
0.4467082917690277
0.4236370623111725
0.3513425290584564
0.37944161891937256
0.4101836085319519
0.37470802664756775
0.40612083673477173
0.410873681306839
0.18809790909290314
0.3574284017086029
0.31339231133461
0.5524395704269409
0.3203279972076416
0.45231202244758606
0.5831748843193054
0.4770142138004303
0.3622515797615051
0.4417700469493866
0.3793819546699524
0.23356668651103973
0.38215014338493347
0.5619368553161621
0.4942319393157959
0.4728282690048218
0.4394369125366211
0.38467589020729065
0.31367674469947815
0.46689799427986145
0.37727484107017517
0.2928161025047302
0.7471171021461487
0.4368833005428314
0.3166453242301941
0.3444577753543854
0.6675074100494385
0.5172273516654968
0.5344216823577881
0.3429332375526428
0.26630792021751404
0.34242936968803406
0.4836718440055847
0.36024972796440125
0.5248214602470398
0.3632200360298157
0.3578585982322693
0.29939568042755127
0.47529006004333496
0.3723606765270233
0.372398316860199
0.2798372805118561
0.42302417755126953
0.3589229881763458
0.584044873714447
0.45535972714424133
0.5862956047058105
0.3341163694858551
0.39234423637390137
0.3797995150089264
0.2975623905658722
0.470666766166687
0.49088066816329956
0.5631556510925293
0.4863619804382324
0.4215860068798065
0.5659748315811157
0.4272313714027405
0.5080189108848572
0.4622475802898407
0.4934019446372986
0.34002575278282166
0.35892748832702637
0.2466834932565689
0.5552543997764587
0.27040210366249084
0.687750518321991
0.28754088282585144
0.295684814453125
0.25369420647621155
0.3490878939628601
0.5061532855033875
0.6232132911682129
0.48654186725616455
0.23592793941497803
0.2704010009765625
0.3064478933811188
0.4342365562915802
0.3886784017086029
0.508915901184082
0.4067723751068115
0.3937200605869293
0.5421338677406311
0.5782511234283447
0.43219801783561707
0.22137151658535004
0.38435807824134827
0.5195180773735046
0.3338070809841156
0.5942549109458923
0.609035313129425
0.21739178895950317
0.4011246860027313
0.38517341017723083
0.4653393030166626
0.4426504075527191
0.4072492718696594
0.4726743996143341
0.351157009601593
0.6199422478675842
0.40293753147125244
0.378467321395874
0.2699439823627472
0.3823888897895813
0.27826350927352905
0.2794983983039856
0.34160152077674866
0.3572126626968384
0.5837002396583557
0.6328772902488708
0.578538179397583
0.28706711530685425
0.47622600197792053
0.3566570580005646
0.4274592697620392
0.7518041133880615
0.29655271768569946
0.36431482434272766
0.47888827323913574
0.381397545337677
0.4246836304664612
0.6024774312973022
0.31360745429992676
0.30451419949531555
0.3357847034931183
0.3029837906360626
0.36992985010147095
0.24957911670207977
0.3240222930908203
0.2723734378814697
0.19626566767692566
0.3760634958744049
0.4649941623210907
0.3081200122833252
0.44481173157691956
0.18462559580802917
0.1726299226284027
0.08407921344041824
