0.23318421840667725
0.2923140823841095
0.2291879802942276
0.10177283734083176
0.09746287018060684
0.15680965781211853
0.24966832995414734
0.17456750571727753
0.18716034293174744
0.3122188448905945
0.15125995874404907
0.09181871265172958
0.06548551470041275
0.20126332342624664
0.12970544397830963
0.12128480523824692
0.14344041049480438
0.24941232800483704
0.18563492596149445
0.24448668956756592
0.281574547290802
0.3025490641593933
0.24930721521377563
0.4702029526233673
0.20237302780151367
0.10901328176259995
0.21016435325145721
0.19529734551906586
0.23301911354064941
0.27089306712150574
0.0326787605881691
0.16802683472633362
0.24079884588718414
0.13946101069450378
0.16053394973278046
0.18281523883342743
0.16441841423511505
0.1876733899116516
0.13521143794059753
0.3636523485183716
0.13063962757587433
0.4496714472770691
0.2062138170003891
0.14733855426311493
0.08250007033348083
0.16663619875907898
0.32969921827316284
0.18295049667358398
0.14307790994644165
0.13377085328102112
0.2229354977607727
0.23401856422424316
0.31673064827919006
0.39896583557128906
0.25504425168037415
0.1926632672548294
0.22567036747932434
0.43459799885749817
0.13154266774654388
0.271247535943985
0.25566965341567993
0.17946238815784454
0.2594558894634247
0.22294095158576965
0.1435878425836563
0.26600050926208496
0.18028661608695984
0.2789519429206848
0.24824053049087524
0.2399889975786209
0.14852486550807953
0.14656779170036316
0.22789926826953888
0.30681487917900085
0.26149284839630127
0.20221108198165894
0.13022300601005554
0.3299724757671356
0.30524012446403503
0.18484340608119965
0.1704636663198471
0.4181661009788513
0.3176952600479126
0.19530963897705078
0.2363051027059555
0.1377468854188919
0.12308360636234283
0.0962277427315712
0.2680078148841858
0.17127248644828796
0.24949750304222107
0.15128229558467865
0.22456294298171997
0.09253589063882828
0.2871392071247101
0.18802417814731598
0.4374595880508423
0.22580693662166595
0.24983097612857819
0.4934108853340149
0.2328559011220932
0.12674449384212494
0.2274797260761261
0.20605255663394928
0.241768479347229
0.10616207122802734
0.3064711093902588
0.348985880613327
0.21517793834209442
0.1713791787624359
0.21296831965446472
0.304265558719635
0.13737981021404266
0.1952916830778122
0.5287196636199951
0.31355106830596924
0.24906140565872192
0.34314945340156555
0.19511155784130096
0.25348418951034546
0.18701401352882385
0.3896683156490326
0.17263226211071014
0.31685328483581543
0.2059454470872879
0.3242253363132477
0.245479553937912
0.1392149180173874
0.10615286976099014
0.2085965871810913
0.12062250077724457
0.17711788415908813
0.32164549827575684
0.25075414776802063
0.3346521258354187
0.13881024718284607
0.1900133341550827
0.17608655989170074
0.31100302934646606
0.1227189227938652
0.21615906059741974
0.23245565593242645
0.2764095366001129
0.08773432672023773
0.1671190708875656
0.25819486379623413
0.12908989191055298
0.1786976307630539
0.1704217940568924
0.28306394815444946
0.1651848405599594
0.32257556915283203
0.1821068823337555
0.06936535984277725
0.25500303506851196
0.26262152194976807
0.35632872581481934
0.16555911302566528
0.20938491821289063
0.0956772118806839
0.2939188778400421
0.12645602226257324
0.1720421314239502
0.18468602001667023
0.24645493924617767
0.1636463701725006
0.19831666350364685
0.17736788094043732
0.1865616738796234
0.36243516206741333
0.1880044937133789
0.13285568356513977
0.3434642255306244
0.32124778628349304
0.3313623368740082
0.2270043045282364
0.16072408854961395
0.11097074300050735
0.15479294955730438
0.10960346460342407
0.22484973073005676
0.27381062507629395
0.13879302144050598
0.238255575299263
0.14201700687408447
0.2861824035644531
0.11849667876958847
0.2176198959350586
0.31972476840019226
0.1808827668428421
0.19851075112819672
0.1421273648738861
0.08737195283174515
0.11421016603708267
0.2714117467403412
0.0931735411286354
0.2626805603504181
0.18054622411727905
0.24878524243831635
0.17643961310386658
0.1045185849070549
0.21557360887527466
0.29982247948646545
0.16994169354438782
0.2695096731185913
0.27343741059303284
0.23212717473506927
0.12533500790596008
0.21966204047203064
0.11668697744607925
0.35110774636268616
0.21722237765789032
0.08782628923654556
0.11575881391763687
0.21047645807266235
0.25732558965682983
0.19098839163780212
0.19021807610988617
0.16406166553497314
0.2173481285572052
0.14466175436973572
0.20724952220916748
0.14677134156227112
0.13029643893241882
0.26947689056396484
0.3522243797779083
0.15041443705558777
0.11795013397932053
0.30995434522628784
0.08112606406211853
0.3233174979686737
0.3031322956085205
0.23387928307056427
0.2513941526412964
0.2585975229740143
0.29575926065444946
0.43645209074020386
0.2341168224811554
0.2589975893497467
0.2575414776802063
0.19838102161884308
0.20071445405483246
0.20245672762393951
0.2115684151649475
0.12083504348993301
0.17982997000217438
0.21440917253494263
0.33592933416366577
0.13448220491409302
0.45076248049736023
0.27360767126083374
0.2961397171020508
0.09384239464998245
0.2628703713417053
0.16914425790309906
0.2082005739212036
0.12998254597187042
0.32374873757362366
0.1943017989397049
0.15875184535980225
0.16699407994747162
0.4628986120223999
0.4869028329849243
0.1475314199924469
0.3007414638996124
0.21780449151992798
0.1756211519241333
0.08827956765890121
0.33671891689300537
0.3446623384952545
0.2509400248527527
0.09574643522500992
0.39277732372283936
0.3473950922489166
0.2589304447174072
0.1999375820159912
0.1942020058631897
0.03821335732936859
0.19659757614135742
0.12819521129131317
0.26513442397117615
0.37018194794654846
0.20304663479328156
0.22762754559516907
0.21607843041419983
0.0785578191280365
0.3412744998931885
0.12967224419116974
0.16304942965507507
0.40007975697517395
0.13230180740356445
0.16882887482643127
0.15550890564918518
0.09842052310705185
0.2337276190519333
0.21350067853927612
0.16779227554798126
0.17641061544418335
0.20690888166427612
0.1947961151599884
0.09828989207744598
0.29173389077186584
0.2751275897026062
0.17523352801799774
0.28102627396583557
0.05993526428937912
0.21347028017044067
0.14848260581493378
0.15536221861839294
0.1179228201508522
0.292306512594223
0.1375502496957779
0.13989533483982086
0.3542431592941284
0.09774962067604065
0.2146318107843399
0.1526484489440918
0.23473021388053894
0.2517796754837036
0.11724866181612015
0.31128987669944763
0.18116141855716705
0.20862799882888794
0.1420905888080597
0.2658117711544037
0.177098348736763
0.19951535761356354
0.37417399883270264
0.14365239441394806
0.24037940800189972
0.2064821869134903
0.19717758893966675
0.15613168478012085
0.2221577763557434
0.17411747574806213
0.11216560751199722
0.1485501527786255
0.2856084406375885
0.17741785943508148
0.09426968544721603
0.1428779810667038
0.2939396798610687
0.17593936622142792
0.2022801786661148
0.210025817155838
0.18019907176494598
0.19192811846733093
0.08582753688097
0.32401585578918457
0.2381521612405777
0.11742240190505981
0.3275841474533081
0.07116390019655228
0.19943344593048096
0.2931099832057953
0.39789900183677673
0.3399973213672638
0.19172777235507965
0.1759524941444397
0.1591990441083908
0.28564268350601196
0.12271533161401749
0.08471453934907913
0.206882506608963
0.20594851672649384
0.2220160961151123
0.2321207970380783
0.18541570007801056
0.17271208763122559
0.3741763234138489
0.1485566794872284
0.535988986492157
0.22112634778022766
0.21527007222175598
0.21973226964473724
0.09885920584201813
0.34588614106178284
0.2516275644302368
0.18806329369544983
0.31393688917160034
0.17079134285449982
0.2800728678703308
0.19799359142780304
0.19981834292411804
0.11371570825576782
0.2209169715642929
0.16874681413173676
0.2856106162071228
0.2730623483657837
0.2927402853965759
0.41024571657180786
0.20822250843048096
0.11603325605392456
0.3265606164932251
0.2441128045320511
0.21152833104133606
0.20128194987773895
0.2721523940563202
0.30374008417129517
0.22872386872768402
0.2972012162208557
0.16807755827903748
0.1621527522802353
0.25626397132873535
0.1229233369231224
0.16935165226459503
0.17172779142856598
0.33261775970458984
0.10308399796485901
0.24039679765701294
0.18227873742580414
0.19092833995819092
0.10739567130804062
0.17603260278701782
0.19801068305969238
0.10499472916126251
0.1463007777929306
0.21648676693439484
0.2969508767127991
0.19064295291900635
0.09071977436542511
0.129263237118721
0.20591293275356293
0.18862831592559814
0.31065431237220764
0.13221773505210876
0.27142566442489624
0.1411365270614624
0.1708153635263443
0.17603877186775208
0.16261489689350128
0.19388125836849213
0.16083092987537384
0.22694014012813568
0.3613949120044708
0.05010940879583359
0.10947956144809723
0.17018970847129822
0.1058376282453537
0.19664393365383148
0.17222478985786438
0.29732948541641235
0.3780880570411682
0.21567603945732117
0.18890170753002167
0.2916797995567322
0.4662097692489624
0.207438126206398
0.2812347710132599
0.25335493683815
0.18408355116844177
0.17824296653270721
0.26274579763412476
0.20687362551689148
0.18761146068572998
0.14885058999061584
0.15275998413562775
0.42416760325431824
0.3929571509361267
0.15662473440170288
0.17753073573112488
0.16802626848220825
0.12184647470712662
0.1436431109905243
0.26158320903778076
0.13664808869361877
0.23168092966079712
0.11955931037664413
0.1626059114933014
0.19186201691627502
0.20966607332229614
0.07815220206975937
0.10793525725603104
0.07390177994966507
0.4339750409126282
0.34217363595962524
0.11303490400314331
0.2658051550388336
0.07386637479066849
0.2294842004776001
0.17599821090698242
0.14661744236946106
0.35888054966926575
0.19578984379768372
0.20955687761306763
0.24626649916172028
0.06882397085428238
0.2054731249809265
0.17240199446678162
0.2186710089445114
0.23209436237812042
0.29627057909965515
0.21044570207595825
0.29245030879974365
0.07005243748426437
0.15667909383773804
0.2062637358903885
0.16798143088817596
0.17672207951545715
0.21686600148677826
0.11962536722421646
0.20910117030143738
0.10947363078594208
0.11774039268493652
0.1685566008090973
0.3042490780353546
0.13025735318660736
0.13637031614780426
0.29202505946159363
0.12855511903762817
0.15545956790447235
0.03862842917442322
0.17711201310157776
0.172249898314476
0.34696879982948303
0.15985126793384552
0.6590254902839661
0.17247402667999268
0.1864173263311386
0.14092256128787994
0.12983904778957367
0.2738206088542938
0.16125184297561646
0.3103555142879486
0.19036443531513214
0.18278011679649353
0.1914617419242859
0.13911072909832
0.28943517804145813
0.227360337972641
0.3358781933784485
0.34049081802368164
0.11069101840257645
0.3098093867301941
0.18397414684295654
0.19851061701774597
0.1108957827091217
0.24979707598686218
0.22267070412635803
0.2684868574142456
0.29287099838256836
0.24827541410923004
0.21635372936725616
0.25917601585388184
0.14226920902729034
0.10554853081703186
0.10131895542144775
0.1941748410463333
0.21471430361270905
0.11637994647026062
0.2986084818840027
0.21835726499557495
0.15924088656902313
0.24734735488891602
0.3941357433795929
0.29959437251091003
0.34079691767692566
0.13955461978912354
0.20825058221817017
0.30013522505760193
0.12817975878715515
0.07910730689764023
0.16921256482601166
0.12139974534511566
0.46316444873809814
0.19371747970581055
0.17437613010406494
0.20486953854560852
0.14610804617404938
0.35469481348991394
0.2533155381679535
0.1912502497434616
0.16012871265411377
0.22713923454284668
0.15969084203243256
0.147586390376091
0.24463047087192535
0.07315175980329514
0.19577093422412872
0.22908225655555725
0.23815922439098358
0.1371629685163498
0.28967177867889404
0.33921942114830017
0.23979510366916656
0.18568181991577148
0.18867196142673492
0.2191247045993805
0.11726491898298264
0.1578415185213089
0.17035675048828125
0.21683892607688904
0.23089231550693512
0.18280072510242462
0.17629028856754303
0.11151478439569473
0.259859561920166
0.12769532203674316
0.30535557866096497
0.18408337235450745
0.18095985054969788
0.1548149585723877
0.37543246150016785
0.17029497027397156
0.2275107055902481
0.19277630746364594
0.17996656894683838
0.12014211714267731
0.19153384864330292
0.07246766984462738
0.11000499129295349
0.2695188522338867
0.10126442462205887
0.12040501087903976
0.21728041768074036
0.09954505413770676
0.4273532032966614
0.18684406578540802
0.2845255434513092
0.3302742838859558
0.2538807690143585
0.18321743607521057
0.15832722187042236
0.09519225358963013
0.08199504017829895
0.21866543591022491
0.30217599868774414
0.19460895657539368
0.27887988090515137
0.33019763231277466
0.19160205125808716
0.2253464162349701
0.21230675280094147
0.11323555558919907
0.2165250927209854
0.13211996853351593
0.25112414360046387
0.2187122255563736
0.08806333690881729
0.29368212819099426
0.21873079240322113
0.1946844458580017
0.19779366254806519
0.16240251064300537
0.13570843636989594
0.14648590981960297
0.14019641280174255
0.1826702356338501
0.09876754879951477
0.18002097308635712
0.21068260073661804
0.18541190028190613
0.1568903923034668
0.12606237828731537
0.07714291661977768
0.1309821754693985
0.2151315063238144
0.2558254897594452
0.1923542320728302
0.08500294387340546
0.16214928030967712
0.2099209874868393
0.10876572132110596
0.09224003553390503
0.4288749694824219
0.1473008245229721
0.16077820956707
0.1161055639386177
0.2029920369386673
0.14291813969612122
0.159929096698761
0.11073794215917587
0.29684779047966003
0.14446134865283966
0.13545668125152588
0.2495104819536209
0.10438355803489685
0.10030435770750046
0.12279774993658066
0.22266922891139984
0.36506450176239014
0.08099030703306198
0.1290552318096161
0.20151753723621368
0.30477362871170044
0.08824385702610016
0.18300871551036835
0.3392828404903412
0.1668740212917328
0.3163985311985016
0.2189936339855194
0.15890225768089294
0.26934370398521423
0.267863005399704
0.18686635792255402
0.13888436555862427
0.24433648586273193
0.15683411061763763
0.1334019899368286
0.2356090247631073
0.16311310231685638
0.2192358374595642
0.13482317328453064
0.22386617958545685
0.19068321585655212
0.23119604587554932
0.2887839674949646
0.30230948328971863
0.19770823419094086
0.21754539012908936
0.1944279670715332
0.21002669632434845
0.2249710112810135
0.2572868764400482
0.20365652441978455
0.06278705596923828
0.19029271602630615
0.1096964105963707
0.13471375405788422
0.0436197966337204
0.139225572347641
0.1266632080078125
0.1797959953546524
0.20380675792694092
0.2156873494386673
0.16295605897903442
0.14396926760673523
0.15191413462162018
0.3114362061023712
0.08423520624637604
0.14836473762989044
0.12648753821849823
0.08782930672168732
0.1182653158903122
0.11607520282268524
0.23919136822223663
0.2617107629776001
0.35295963287353516
0.2502281963825226
0.16968929767608643
0.1921144723892212
0.32973238825798035
0.20784197747707367
0.13594627380371094
0.08621320873498917
0.24089401960372925
0.16803021728992462
0.1968405544757843
0.22383692860603333
0.1340218186378479
0.1315959393978119
0.21426773071289063
0.283410906791687
0.24562968313694
0.0956285297870636
0.28228136897087097
0.11822255700826645
0.35471048951148987
0.13436323404312134
0.18708837032318115
0.1341504454612732
0.19731417298316956
0.18015587329864502
0.2159499228000641
0.2095230221748352
0.07988004386425018
0.16735883057117462
0.3121493458747864
0.13735772669315338
0.19531476497650146
0.127663254737854
0.12859833240509033
0.0849161446094513
0.38745251297950745
0.2928769588470459
0.09590314328670502
0.3222110867500305
0.19943960011005402
0.12427494674921036
0.46449965238571167
0.07981614023447037
0.14556023478507996
0.3236417770385742
0.29077214002609253
0.15423493087291718
0.11902554333209991
0.16711647808551788
0.25203803181648254
0.13646508753299713
0.444138765335083
0.404506653547287
0.17595160007476807
0.10892729461193085
0.2253519892692566
0.3893512189388275
0.28891894221305847
0.14017827808856964
0.1355091631412506
0.07444434612989426
0.11150592565536499
0.2549976110458374
0.1427188366651535
0.13518859446048737
0.3179384768009186
0.21761314570903778
0.32296237349510193
0.2695017457008362
0.12387499213218689
0.18714787065982819
0.1570025235414505
0.13179746270179749
0.3756985068321228
0.05385098606348038
0.2770461142063141
0.13320690393447876
0.1352793574333191
0.11702512204647064
0.3195814788341522
0.08971970528364182
0.06347250193357468
0.17661088705062866
0.2614547312259674
0.15146254003047943
0.0988636389374733
0.15053555369377136
0.3084695041179657
0.12800085544586182
0.37736016511917114
0.16516293585300446
0.24119596183300018
0.19835811853408813
0.23443280160427094
0.16033872961997986
0.30618011951446533
0.2672605514526367
0.2811587452888489
0.0994824469089508
0.30301931500434875
0.07619190961122513
0.17074425518512726
0.16574034094810486
0.09759995341300964
0.13095758855342865
0.18505802750587463
0.14423106610774994
0.04677955061197281
0.3456827998161316
0.2206169068813324
0.16700083017349243
0.35469189286231995
0.11017635464668274
0.19743426144123077
0.2556611895561218
0.20616072416305542
0.10908249765634537
0.21304595470428467
0.24161718785762787
0.15436097979545593
0.2817404568195343
0.07144375145435333
0.07490046322345734
0.1138705164194107
0.2179262638092041
0.12188228219747543
0.12919104099273682
0.1923418641090393
0.3276369869709015
0.09504824131727219
0.3026771545410156
0.19281938672065735
0.19399139285087585
0.1203395426273346
0.12269337475299835
0.3397873640060425
0.08712096512317657
0.1281026154756546
0.1527407318353653
0.10229077190160751
0.2744656801223755
0.1726420819759369
0.11714892089366913
0.25208306312561035
0.1705118715763092
0.12325508892536163
0.131063312292099
0.6520434617996216
0.303450345993042
0.18472932279109955
0.03935594484210014
0.29209595918655396
0.17342017590999603
0.09170117974281311
0.25254184007644653
0.21889454126358032
0.09415367245674133
0.07205957174301147
0.3056395351886749
0.15145596861839294
0.15639419853687286
0.12681381404399872
0.1221894845366478
0.3894226551055908
0.13208097219467163
0.095093734562397
0.2715519666671753
0.1301238089799881
0.15787187218666077
0.19832231104373932
0.08180242776870728
0.230594664812088
0.312385618686676
0.06860674172639847
0.15738865733146667
0.2841852903366089
0.1064375564455986
0.14477793872356415
0.20105238258838654
0.22314444184303284
0.09939001500606537
0.10093992948532104
0.1360994279384613
0.3232783377170563
0.18199092149734497
0.2206992655992508
0.14424267411231995
0.2923656105995178
0.30001333355903625
0.21885307133197784
0.22712677717208862
0.19765084981918335
0.16186274588108063
0.1331595778465271
0.16556982696056366
0.0928351879119873
0.18012212216854095
0.33992698788642883
0.16194084286689758
0.13470740616321564
0.20225045084953308
0.22904634475708008
