0.3174804747104645
0.17775164544582367
0.24887919425964355
0.08798494189977646
0.1335226148366928
0.1893371343612671
0.29466909170150757
0.308143675327301
0.37359827756881714
0.1938214898109436
0.3549205958843231
0.4241832196712494
0.18759021162986755
0.28745022416114807
0.28620290756225586
0.36571642756462097
0.2555270791053772
0.3776487112045288
0.2498105764389038
0.2859093248844147
0.17394325137138367
0.23644018173217773
0.18985889852046967
0.193434476852417
0.22881574928760529
0.12916947901248932
0.35347840189933777
0.27094605565071106
0.33375898003578186
0.2481071650981903
0.4426267743110657
0.37344202399253845
0.5442774891853333
0.21417079865932465
0.29182401299476624
0.40692073106765747
0.15204918384552002
0.3855108320713043
0.24432513117790222
0.4447692930698395
0.3843752145767212
0.49037113785743713
0.22393645346164703
0.5309597253799438
0.21272988617420197
0.33646491169929504
0.14117838442325592
0.2421552836894989
0.2579558193683624
0.5698963403701782
0.26792463660240173
0.3171423375606537
0.19781135022640228
0.1961355060338974
0.40913328528404236
0.4223770201206207
0.2583616375923157
0.2674954831600189
0.2445393204689026
0.40772098302841187
0.11704651266336441
0.20690180361270905
0.2260308563709259
0.15723899006843567
0.2809000015258789
0.2544199824333191
0.19217878580093384
0.24710647761821747
0.4304392337799072
0.41113242506980896
0.1472863256931305
0.15892812609672546
0.2290426790714264
0.19878503680229187
0.4267100989818573
0.31049463152885437
0.15951862931251526
0.3982190787792206
0.281544953584671
0.24381490051746368
0.31137874722480774
0.24373449385166168
0.3435407280921936
0.34591472148895264
0.17497611045837402
0.3312363624572754
0.25364822149276733
0.20309798419475555
0.17096826434135437
0.3891255259513855
0.4477715492248535
0.15472766757011414
0.3466934561729431
0.32263046503067017
0.26485976576805115
0.18918666243553162
0.21125514805316925
0.11949742585420609
0.3015136420726776
0.22082611918449402
0.4470873773097992
0.14503179490566254
0.20853638648986816
0.2464866191148758
0.24809181690216064
0.30260875821113586
0.366047203540802
0.198046013712883
0.31519636511802673
0.24810613691806793
0.3744104504585266
0.07083704322576523
0.307944118976593
0.13536006212234497
0.33075615763664246
0.34019389748573303
0.2878679037094116
0.4087563455104828
0.49434682726860046
0.3541426360607147
0.35879963636398315
0.2511785924434662
0.26901307702064514
0.29684826731681824
0.06793221086263657
0.22332356870174408
0.2095838487148285
0.2283935248851776
0.5081751942634583
0.17940929532051086
0.4061625003814697
0.28248679637908936
0.30283254384994507
0.3938150405883789
0.29969802498817444
0.2613208293914795
0.2850666046142578
0.17891176044940948
0.40799862146377563
0.26235049962997437
0.29755380749702454
0.10313096642494202
0.27508148550987244
0.21660558879375458
0.15891386568546295
0.4297146797180176
0.19102071225643158
0.3422390818595886
0.29276055097579956
0.1862533837556839
0.27885422110557556
0.24380891025066376
0.23297804594039917
0.3627825975418091
0.1519065797328949
0.31102150678634644
0.2459322214126587
0.17989316582679749
0.4315115809440613
0.406925767660141
0.14509287476539612
0.38549453020095825
0.2700845003128052
0.3210594952106476
0.221833273768425
0.41176798939704895
0.6037306785583496
0.2510736286640167
0.16202357411384583
0.2692389488220215
0.3386138081550598
0.24627280235290527
0.3033313751220703
0.2738712430000305
0.18008513748645782
0.24114260077476501
0.22099685668945313
0.22642646729946136
0.28358888626098633
0.17811070382595062
0.1350327879190445
0.3605978190898895
0.19265322387218475
0.44155099987983704
0.2506081461906433
0.3143307566642761
0.18636703491210938
0.33841565251350403
0.23524853587150574
0.3670493960380554
0.21560724079608917
0.21623004972934723
0.3830361068248749
0.3264370858669281
0.14158113300800323
0.3504652678966522
0.20454749464988708
0.17750579118728638
0.19998672604560852
0.17612387239933014
0.3190182149410248
0.4651341736316681
0.20269083976745605
0.2870020270347595
0.17700932919979095
0.1777416616678238
0.22465990483760834
0.24610774219036102
0.11855204403400421
0.16015544533729553
0.158083975315094
0.1491701900959015
0.18054844439029694
0.24619066715240479
0.17171967029571533
0.24802997708320618
0.23970438539981842
0.245871439576149
0.4234796464443207
0.1421385258436203
0.11449234932661057
0.31439656019210815
0.449454128742218
0.22192201018333435
0.19443021714687347
0.2909609377384186
0.22760555148124695
0.2457757145166397
0.20707470178604126
0.10411473363637924
0.3650319576263428
0.2791193425655365
0.15637950599193573
0.29055237770080566
0.1484711468219757
0.15594512224197388
0.3003663718700409
0.264322966337204
0.3558982312679291
0.1552962362766266
0.1637817919254303
0.12138292193412781
0.6128355860710144
0.1667485237121582
0.389996200799942
0.3846778869628906
0.24619801342487335
0.1960109919309616
0.07529361546039581
0.3630160689353943
0.27284473180770874
0.2655753791332245
0.17877356708049774
0.2466854304075241
0.2256975620985031
0.19736802577972412
0.25157439708709717
0.30464810132980347
0.10909860581159592
0.3785450756549835
0.3631262183189392
0.23401924967765808
0.45936107635498047
0.34200775623321533
0.43749499320983887
0.1794421672821045
0.26572948694229126
0.20310385525226593
0.24368299543857574
0.2762492299079895
0.255327969789505
0.07962511479854584
0.22999948263168335
0.37834805250167847
0.2086263746023178
0.16388896107673645
0.1424540877342224
0.3143170475959778
0.16668780148029327
0.2873295843601227
0.3875614404678345
0.21729160845279694
0.36969542503356934
0.21033671498298645
0.3176054060459137
0.3464190661907196
0.17179735004901886
0.3443160355091095
0.3348790109157562
0.34288010001182556
0.1974063664674759
0.27914294600486755
0.12719693779945374
0.21498453617095947
0.2107209861278534
0.30539262294769287
0.22950346767902374
0.3382880687713623
0.20514748990535736
0.3463331460952759
0.25007709860801697
0.17726825177669525
0.28953224420547485
0.30564355850219727
0.2755110561847687
0.18927641212940216
0.2841927111148834
0.2183723747730255
0.18119601905345917
0.17540979385375977
0.1640866994857788
0.29653194546699524
0.13433824479579926
0.11340127140283585
0.3084283173084259
0.15961481630802155
0.19725196063518524
0.2770923972129822
0.16111254692077637
0.16511350870132446
0.11082189530134201
0.2134164720773697
0.2215387374162674
0.2064463347196579
0.14733964204788208
0.37237268686294556
0.2293415367603302
0.1539095640182495
0.22525669634342194
0.27579349279403687
0.433939665555954
0.08810227364301682
0.25965988636016846
0.27418655157089233
0.16003014147281647
0.18018250167369843
0.23008771240711212
0.1740039587020874
0.2797171473503113
0.17877908051013947
0.19283853471279144
0.3814697563648224
0.1445002406835556
0.28873875737190247
0.21667543053627014
0.2585834860801697
0.1653422862291336
0.1959685981273651
0.34421226382255554
0.5660125017166138
0.1617528796195984
0.21670366823673248
0.22531485557556152
0.30880919098854065
0.21315552294254303
0.22588612139225006
0.310503751039505
0.20639441907405853
0.23008617758750916
0.1970897763967514
0.21645508706569672
0.2181684374809265
0.3234860897064209
0.17042522132396698
0.1720634549856186
0.22471706569194794
0.2794676423072815
0.12814484536647797
0.3091684877872467
0.20415976643562317
0.256226509809494
0.4929058253765106
0.21767708659172058
0.1032000482082367
0.20554709434509277
0.24481084942817688
0.06216027960181236
0.30906128883361816
0.24536889791488647
0.27693524956703186
0.2786944806575775
0.2502342462539673
0.33205899596214294
0.3593503534793854
0.24549660086631775
0.20397426187992096
0.18905289471149445
0.21898892521858215
0.35374513268470764
0.2827327847480774
0.2582337558269501
0.3134748637676239
0.49511849880218506
0.2953090965747833
0.13640104234218597
0.25273171067237854
0.19580847024917603
0.20715788006782532
0.5216301679611206
0.5173393487930298
0.20812878012657166
0.17727835476398468
0.3752472996711731
0.3338654935359955
0.3039257824420929
0.31834182143211365
0.2534114420413971
0.25225523114204407
0.2191288024187088
0.16003969311714172
0.26053979992866516
0.24999824166297913
0.3732995092868805
0.3035114109516144
0.24856486916542053
0.25268495082855225
0.314100444316864
0.21260754764080048
0.14233270287513733
0.2960858643054962
0.1532614827156067
0.224203422665596
0.26900777220726013
0.12680752575397491
0.19249223172664642
0.3733885586261749
0.3117823302745819
0.2850715219974518
0.14875385165214539
0.1925085186958313
0.35165271162986755
0.3653579652309418
0.3334960341453552
0.3695439398288727
0.2451808750629425
0.21582593023777008
0.17710019648075104
0.17743636667728424
0.20968006551265717
0.1795016974210739
0.2564088702201843
0.25156864523887634
0.204127699136734
0.2542199492454529
0.21468228101730347
0.3365250527858734
0.18931372463703156
0.18376287817955017
0.1874094307422638
0.15403249859809875
0.16684922575950623
0.24952982366085052
0.16990907490253448
0.3487689793109894
0.1301642209291458
0.23693421483039856
0.3170105218887329
0.20471489429473877
0.28179648518562317
0.24776071310043335
0.34648799896240234
0.18090522289276123
0.31134113669395447
0.11684291809797287
0.20572897791862488
0.1554490476846695
0.19478638470172882
0.24470072984695435
0.14630132913589478
0.3185476064682007
0.23198604583740234
0.22656771540641785
0.25697562098503113
0.20567947626113892
0.0636252909898758
0.19776223599910736
0.21422700583934784
0.45976006984710693
0.21767698228359222
0.4702259600162506
0.2938876450061798
0.33082833886146545
0.12496326118707657
0.11461430788040161
0.5403145551681519
0.2962273359298706
0.2670612037181854
0.17116780579090118
0.3417578339576721
0.26813986897468567
0.3405674397945404
0.44025588035583496
0.24229983985424042
0.1366608589887619
0.2756405472755432
0.18329031765460968
0.20630405843257904
0.1315128356218338
0.29653629660606384
0.2998490631580353
0.2750471532344818
0.2605479061603546
0.3505023419857025
0.22296538949012756
0.24869826436042786
0.32857269048690796
0.3203578293323517
0.2560321092605591
0.2071167677640915
0.16861025989055634
0.31768926978111267
0.22476895153522491
0.4305777847766876
0.2632206976413727
0.1595873236656189
0.2441158890724182
0.1353146880865097
0.20610617101192474
0.1707511991262436
0.1571715772151947
0.22795891761779785
0.3656409978866577
0.2467862367630005
0.14555935561656952
0.2141045331954956
0.1917010098695755
0.2741861939430237
0.4486211836338043
0.23838819563388824
0.15395134687423706
0.12774641811847687
0.30823853611946106
0.08101367205381393
0.450520396232605
0.41889986395835876
0.2047833502292633
0.12182074040174484
0.3310506045818329
0.3360300362110138
0.6975135803222656
0.2659263610839844
0.11771473288536072
0.3173665702342987
0.22949250042438507
0.19484364986419678
0.3222627341747284
0.19694112241268158
0.18465527892112732
0.3516487777233124
0.2421620786190033
0.21020352840423584
0.20580396056175232
0.2081775665283203
0.09663649648427963
0.24848096072673798
0.2522417902946472
0.27547428011894226
0.1958588808774948
0.18336328864097595
0.21407946944236755
0.14919698238372803
0.22097176313400269
0.21007832884788513
0.33695200085639954
0.08487839996814728
0.2388918101787567
0.13764329254627228
0.13230690360069275
0.31478258967399597
0.16066262125968933
0.2769337296485901
0.19023661315441132
0.3001832962036133
0.3023926317691803
0.1757635474205017
0.1393890678882599
0.20603373646736145
0.19572268426418304
0.11854696273803711
0.2338704764842987
0.38062041997909546
0.28791096806526184
0.3633694052696228
0.392045259475708
0.7684909701347351
0.1677669882774353
0.2719838619232178
0.29032135009765625
0.14149005711078644
0.2531510591506958
0.1565653383731842
0.24428807199001312
0.23066869378089905
0.16353973746299744
0.19789835810661316
0.17386610805988312
0.24726738035678864
0.31549516320228577
0.17858237028121948
0.2685090899467468
0.15676157176494598
0.17132075130939484
0.2356518656015396
0.2979036867618561
0.17661045491695404
0.13024646043777466
0.2869183421134949
0.2736196219921112
0.37774914503097534
0.3459397852420807
0.21170878410339355
0.2938084006309509
0.1938185840845108
0.20766961574554443
0.20939627289772034
0.33034998178482056
0.2534487247467041
0.2530822157859802
0.2657170593738556
0.20979854464530945
0.4681859016418457
0.07139453291893005
0.44155797362327576
0.33326488733291626
0.25298556685447693
0.23111726343631744
0.28592273592948914
0.6245812177658081
0.1910046637058258
0.3150666356086731
0.2512504756450653
0.21195735037326813
0.16587188839912415
0.42650359869003296
0.2348860651254654
0.2458624541759491
0.2309494912624359
0.1862100213766098
0.3191155791282654
0.34497031569480896
0.25159114599227905
0.27884113788604736
0.2710933983325958
0.0855344608426094
0.11280686408281326
0.2682269811630249
0.23441630601882935
0.18770888447761536
0.34727317094802856
0.21390047669410706
0.11599405109882355
0.11573217064142227
0.22529350221157074
0.2749840319156647
0.19749920070171356
0.2970956861972809
0.35317471623420715
0.16137844324111938
0.266874223947525
0.15263882279396057
0.40116801857948303
0.2893606424331665
0.4162251353263855
0.2664242386817932
0.16644515097141266
0.3836310803890228
0.43410244584083557
0.18243958055973053
0.3151230812072754
0.1920369416475296
0.20854808390140533
0.3510960340499878
0.2219402939081192
0.15767765045166016
0.2692077159881592
0.28434664011001587
0.1661987155675888
0.29681065678596497
0.23027978837490082
0.33507078886032104
0.33408454060554504
0.19882187247276306
0.3830370306968689
0.0916096419095993
0.13794471323490143
0.3717603087425232
0.5762780904769897
0.1403135061264038
0.2229309380054474
0.23346413671970367
0.27779775857925415
0.26172879338264465
0.29378876090049744
0.11542782932519913
0.20539051294326782
0.1652565896511078
0.23970426619052887
0.23596857488155365
0.2032177448272705
0.25207045674324036
0.1969345062971115
0.20225754380226135
0.463152140378952
0.31976863741874695
0.19412899017333984
0.23431213200092316
0.13125863671302795
0.30954205989837646
0.10241327434778214
0.17441223561763763
0.29824113845825195
0.4212762117385864
0.24529527127742767
0.3173418343067169
0.39098575711250305
0.2596801221370697
0.17048904299736023
0.2101358026266098
0.14554178714752197
0.19126509130001068
0.2067335695028305
0.2378256767988205
0.09361132979393005
0.30796170234680176
0.2801758646965027
0.29098668694496155
0.4202980697154999
0.24452075362205505
0.23342761397361755
0.10051648318767548
0.148896262049675
0.2814246416091919
0.2448544055223465
0.21051381528377533
0.2044033259153366
0.3173581063747406
0.45619264245033264
0.13188700377941132
0.14956942200660706
0.3673451840877533
0.2550237476825714
0.1955099254846573
0.16940203309059143
0.25361359119415283
0.26359519362449646
0.17459344863891602
0.1602136641740799
0.24808545410633087
0.21550337970256805
0.33988016843795776
0.2451574057340622
0.3233439028263092
0.3315206468105316
0.19995351135730743
0.13470439612865448
0.2523483633995056
0.17130720615386963
0.15205533802509308
0.115104079246521
0.10162816941738129
0.39321932196617126
0.1663063019514084
0.17075948417186737
0.1036519706249237
0.14471502602100372
0.22155478596687317
0.19860930740833282
0.1007072851061821
0.22584465146064758
0.1756460964679718
0.15883806347846985
0.2760058045387268
0.18805259466171265
0.2458762526512146
0.2326577603816986
0.23639905452728271
0.35882431268692017
0.36551135778427124
0.35173773765563965
0.15669333934783936
0.2890970706939697
0.22883695363998413
0.23475471138954163
0.15578237175941467
0.1793304979801178
0.14277026057243347
0.21394284069538116
0.33778172731399536
0.2001630961894989
0.22913168370723724
0.3811229169368744
0.28807348012924194
0.1940268874168396
0.1356876939535141
0.22341768443584442
0.3000522553920746
0.1594572216272354
0.45149660110473633
0.2715296745300293
0.13454625010490417
0.2860327363014221
0.20922639966011047
0.3402112126350403
0.33137384057044983
0.32005366683006287
0.3259933292865753
0.1710413098335266
0.2190214991569519
0.17301666736602783
0.27302107214927673
0.24842844903469086
0.10060332715511322
0.2302239090204239
0.26507535576820374
0.44072139263153076
0.1577194482088089
0.15938103199005127
0.2013343870639801
0.39413565397262573
0.18047870695590973
0.251523494720459
0.16003026068210602
0.35124891996383667
0.21759970486164093
0.23971515893936157
0.15826168656349182
0.19587162137031555
0.1549874246120453
0.22844381630420685
0.23133662343025208
0.2636329233646393
0.16573616862297058
0.32630813121795654
0.12696576118469238
0.3339257538318634
0.25001659989356995
0.22187763452529907
0.18205368518829346
0.24237897992134094
0.138728529214859
0.0919281542301178
0.09759685397148132
0.33605438470840454
0.21559691429138184
0.42405837774276733
0.13238579034805298
0.22668741643428802
0.18452277779579163
0.2599833905696869
0.13764142990112305
0.22075973451137543
0.20607177913188934
0.27506592869758606
0.27663367986679077
0.13830514252185822
0.12618759274482727
0.37421226501464844
0.13180410861968994
0.16517400741577148
0.26117849349975586
0.16459761559963226
0.3787028193473816
0.441311240196228
0.16103526949882507
0.23094256222248077
0.09123148769140244
0.3107646703720093
0.4446762204170227
0.29446420073509216
0.1953042596578598
0.2654224634170532
0.14054667949676514
0.3802301287651062
0.1127142459154129
0.23625947535037994
0.08326776325702667
0.10818895697593689
0.26512613892555237
0.3587694764137268
0.21832548081874847
0.27867043018341064
0.28458982706069946
0.2564809322357178
0.18025290966033936
0.20623965561389923
0.17685145139694214
0.2628687620162964
0.12792973220348358
0.2690137028694153
0.23575963079929352
0.09828973561525345
0.13169586658477783
0.10131671279668808
0.06358876079320908
0.15833750367164612
0.3189806640148163
0.1606215089559555
0.2964579164981842
0.23223793506622314
0.2967106103897095
0.1228286623954773
0.19114050269126892
0.1510489135980606
0.1758195161819458
0.12783603370189667
0.2077942043542862
0.4165705740451813
0.26379019021987915
0.2715499997138977
0.2567746639251709
0.19812658429145813
0.2694607973098755
0.3529432713985443
0.24215245246887207
0.15597045421600342
0.1445884108543396
0.2352803647518158
0.15786366164684296
0.3149125277996063
0.2326844036579132
0.2683663070201874
0.1871570348739624
0.08424884080886841
0.2398287057876587
0.21510550379753113
0.1806354820728302
0.1639004945755005
0.2282279133796692
0.0626908615231514
0.2318539023399353
0.11838648468255997
0.1852315366268158
0.2010830193758011
0.25956034660339355
0.20856331288814545
0.4396596848964691
0.17960120737552643
0.43483108282089233
0.2590652406215668
0.12352382391691208
